Using pre-set license
Built from '2021.3/staging' branch; Version is '2021.3.16f1 (4016570cf34f) revision 4200023'; Using compiler version '192829333'; Build Type 'Release'
OS: 'Windows 11  (10.0.22000) 64bit Professional' Language: 'fr' Physical Memory: 32627 MB
BatchMode: 1, IsHumanControllingUs: 0, StartBugReporterOnCrash: 0, Is64bit: 1, IsPro: 1

COMMAND LINE ARGUMENTS:
C:\Program Files\Unity\Hub\Editor\2021.3.16f1\Editor\Unity.exe
-adb2
-batchMode
-noUpm
-name
AssetImportWorker1
-projectPath
C:/Users/Brice/Desktop/S2 Project/Deeps/Deeps
-logFile
Logs/AssetImportWorker1.log
-srvPort
56551
Successfully changed project path to: C:/Users/Brice/Desktop/S2 Project/Deeps/Deeps
C:/Users/Brice/Desktop/S2 Project/Deeps/Deeps
[UnityMemory] Configuration Parameters - Can be set up in boot.config
    "memorysetup-bucket-allocator-granularity=16"
    "memorysetup-bucket-allocator-bucket-count=8"
    "memorysetup-bucket-allocator-block-size=33554432"
    "memorysetup-bucket-allocator-block-count=8"
    "memorysetup-main-allocator-block-size=16777216"
    "memorysetup-thread-allocator-block-size=16777216"
    "memorysetup-gfx-main-allocator-block-size=16777216"
    "memorysetup-gfx-thread-allocator-block-size=16777216"
    "memorysetup-cache-allocator-block-size=4194304"
    "memorysetup-typetree-allocator-block-size=2097152"
    "memorysetup-profiler-bucket-allocator-granularity=16"
    "memorysetup-profiler-bucket-allocator-bucket-count=8"
    "memorysetup-profiler-bucket-allocator-block-size=33554432"
    "memorysetup-profiler-bucket-allocator-block-count=8"
    "memorysetup-profiler-allocator-block-size=16777216"
    "memorysetup-profiler-editor-allocator-block-size=1048576"
    "memorysetup-temp-allocator-size-main=16777216"
    "memorysetup-job-temp-allocator-block-size=2097152"
    "memorysetup-job-temp-allocator-block-size-background=1048576"
    "memorysetup-job-temp-allocator-reduction-small-platforms=262144"
    "memorysetup-temp-allocator-size-background-worker=32768"
    "memorysetup-temp-allocator-size-job-worker=262144"
    "memorysetup-temp-allocator-size-preload-manager=33554432"
    "memorysetup-temp-allocator-size-nav-mesh-worker=65536"
    "memorysetup-temp-allocator-size-audio-worker=65536"
    "memorysetup-temp-allocator-size-cloud-worker=32768"
    "memorysetup-temp-allocator-size-gi-baking-worker=262144"
    "memorysetup-temp-allocator-size-gfx=262144"
Player connection [16596] Host "[IP] 192.168.0.13 [Port] 0 [Flags] 2 [Guid] 2720847778 [EditorId] 2720847778 [Version] 1048832 [Id] WindowsEditor(7,DESKTOP-RKU278G) [Debug] 1 [PackageName] WindowsEditor [ProjectName] Editor" joined multi-casting on [225.0.0.222:54997]...

Player connection [16596] Host "[IP] 192.168.0.13 [Port] 0 [Flags] 2 [Guid] 2720847778 [EditorId] 2720847778 [Version] 1048832 [Id] WindowsEditor(7,DESKTOP-RKU278G) [Debug] 1 [PackageName] WindowsEditor [ProjectName] Editor" joined alternative multi-casting on [225.0.0.222:34997]...

Refreshing native plugins compatible for Editor in 60.92 ms, found 4 plugins.
Preloading 0 native plugins for Editor in 0.00 ms.
Initialize engine version: 2021.3.16f1 (4016570cf34f)
[Subsystems] Discovering subsystems at path C:/Program Files/Unity/Hub/Editor/2021.3.16f1/Editor/Data/Resources/UnitySubsystems
[Subsystems] Discovering subsystems at path C:/Users/Brice/Desktop/S2 Project/Deeps/Deeps/Assets
GfxDevice: creating device client; threaded=0; jobified=0
Direct3D:
    Version:  Direct3D 11.0 [level 11.1]
    Renderer: NVIDIA GeForce RTX 3080 (ID=0x2216)
    Vendor:   NVIDIA
    VRAM:     10067 MB
    Driver:   31.0.15.2824
Initialize mono
Mono path[0] = 'C:/Program Files/Unity/Hub/Editor/2021.3.16f1/Editor/Data/Managed'
Mono path[1] = 'C:/Program Files/Unity/Hub/Editor/2021.3.16f1/Editor/Data/MonoBleedingEdge/lib/mono/unityjit-win32'
Mono config path = 'C:/Program Files/Unity/Hub/Editor/2021.3.16f1/Editor/Data/MonoBleedingEdge/etc'
Using monoOptions --debugger-agent=transport=dt_socket,embedding=1,server=y,suspend=n,address=127.0.0.1:56460
Begin MonoManager ReloadAssembly
Registering precompiled unity dll's ...
Register platform support module: C:/Program Files/Unity/Hub/Editor/2021.3.16f1/Editor/Data/PlaybackEngines/WebGLSupport/UnityEditor.WebGL.Extensions.dll
Register platform support module: C:/Program Files/Unity/Hub/Editor/2021.3.16f1/Editor/Data/PlaybackEngines/WindowsStandaloneSupport/UnityEditor.WindowsStandalone.Extensions.dll
Registered in 0.002623 seconds.
Native extension for WindowsStandalone target not found
Native extension for WebGL target not found
Refreshing native plugins compatible for Editor in 103.99 ms, found 4 plugins.
Preloading 0 native plugins for Editor in 0.00 ms.
Mono: successfully reloaded assembly
- Completed reload, in  0.464 seconds
Domain Reload Profiling:
	ReloadAssembly (464ms)
		BeginReloadAssembly (41ms)
			ExecutionOrderSort (0ms)
			DisableScriptedObjects (0ms)
			BackupInstance (0ms)
			ReleaseScriptingObjects (0ms)
			CreateAndSetChildDomain (1ms)
		EndReloadAssembly (359ms)
			LoadAssemblies (40ms)
			RebuildTransferFunctionScriptingTraits (0ms)
			SetupTypeCache (72ms)
			ReleaseScriptCaches (0ms)
			RebuildScriptCaches (15ms)
			SetupLoadedEditorAssemblies (232ms)
				LogAssemblyErrors (0ms)
				InitializePlatformSupportModulesInManaged (5ms)
				SetLoadedEditorAssemblies (0ms)
				RefreshPlugins (104ms)
				BeforeProcessingInitializeOnLoad (1ms)
				ProcessInitializeOnLoadAttributes (87ms)
				ProcessInitializeOnLoadMethodAttributes (34ms)
				AfterProcessingInitializeOnLoad (0ms)
				EditorAssembliesLoaded (0ms)
			ExecutionOrderSort2 (0ms)
			AwakeInstancesAfterBackupRestoration (0ms)
Platform modules already initialized, skipping
Registering precompiled user dll's ...
Registered in 0.003620 seconds.
Begin MonoManager ReloadAssembly
Symbol file LoadedFromMemory doesn't match image C:\Users\Brice\Desktop\S2 Project\Deeps\Deeps\Library\PackageCache\com.unity.visualscripting@1.7.8\Editor\VisualScripting.Core\Dependencies\YamlDotNet\Unity.VisualScripting.YamlDotNet.dll
Symbol file LoadedFromMemory doesn't match image C:\Users\Brice\Desktop\S2 Project\Deeps\Deeps\Library\PackageCache\com.unity.visualscripting@1.7.8\Editor\VisualScripting.Core\Dependencies\DotNetZip\Unity.VisualScripting.IonicZip.dll
Native extension for WindowsStandalone target not found
Native extension for WebGL target not found
Refreshing native plugins compatible for Editor in 85.38 ms, found 4 plugins.
Preloading 0 native plugins for Editor in 0.00 ms.
Mono: successfully reloaded assembly
- Completed reload, in  0.745 seconds
Domain Reload Profiling:
	ReloadAssembly (745ms)
		BeginReloadAssembly (71ms)
			ExecutionOrderSort (0ms)
			DisableScriptedObjects (3ms)
			BackupInstance (0ms)
			ReleaseScriptingObjects (0ms)
			CreateAndSetChildDomain (12ms)
		EndReloadAssembly (601ms)
			LoadAssemblies (48ms)
			RebuildTransferFunctionScriptingTraits (0ms)
			SetupTypeCache (142ms)
			ReleaseScriptCaches (0ms)
			RebuildScriptCaches (34ms)
			SetupLoadedEditorAssemblies (344ms)
				LogAssemblyErrors (0ms)
				InitializePlatformSupportModulesInManaged (4ms)
				SetLoadedEditorAssemblies (0ms)
				RefreshPlugins (85ms)
				BeforeProcessingInitializeOnLoad (66ms)
				ProcessInitializeOnLoadAttributes (160ms)
				ProcessInitializeOnLoadMethodAttributes (25ms)
				AfterProcessingInitializeOnLoad (3ms)
				EditorAssembliesLoaded (0ms)
			ExecutionOrderSort2 (0ms)
			AwakeInstancesAfterBackupRestoration (4ms)
Platform modules already initialized, skipping
========================================================================
Worker process is ready to serve import requests
Launched and connected shader compiler UnityShaderCompiler.exe after 0.04 seconds
Refreshing native plugins compatible for Editor in 0.63 ms, found 4 plugins.
Preloading 0 native plugins for Editor in 0.00 ms.
Unloading 4104 Unused Serialized files (Serialized files now loaded: 0)
Unloading 43 unused Assets / (185.8 KB). Loaded Objects now: 4561.
Memory consumption went from 155.7 MB to 155.5 MB.
Total: 2.336400 ms (FindLiveObjects: 0.194900 ms CreateObjectMapping: 0.095700 ms MarkObjects: 1.927300 ms  DeleteObjects: 0.117700 ms)

AssetImportParameters requested are different than current active one (requested -> active):
  custom:video-decoder-ogg-theora: a1e56fd34408186e4bbccfd4996cb3dc -> 
  custom:container-muxer-webm: aa71ff27fc2769a1b78a27578f13a17b -> 
  custom:container-demuxer-webm: 4f35f7cbe854078d1ac9338744f61a02 -> 
  custom:video-encoder-webm-vp8: eb34c28f22e8b96e1ab97ce403110664 -> 
  custom:video-codec-MediaFoundation-h265: e54d7ab0439102e2317fc1e4b246158d -> 
  custom:audio-encoder-webm-vorbis: bf7c407c2cedff20999df2af8eb42d56 -> 
  custom:framework-win-MediaFoundation: 216162199b28c13a410421893ffa2e32 -> 
  custom:container-demuxer-ogg: 62fdf1f143b41e24485cea50d1cbac27 -> 
  custom:video-decoder-webm-vp8: 9c59270c3fd7afecdb556c50c9e8de78 -> 
  custom:audio-decoder-ogg-vorbis: bf7c407c2cedff20999df2af8eb42d56 -> 
========================================================================
Received Import Request.
  Time since last request: 616115.837212 seconds.
  path: Assets/Imports/Music/sound
  artifactKey: Guid(da9be7fb447bf8d46b6fc1b59a37d5aa) Importer(815301076,1909f56bfc062723c751e8b465ee728b)
Start importing Assets/Imports/Music/sound using Guid(da9be7fb447bf8d46b6fc1b59a37d5aa) Importer(815301076,1909f56bfc062723c751e8b465ee728b)  -> (artifact id: '448ba223254a7b46a3f251d0172c113c') in 0.007874 seconds 
========================================================================
Received Import Request.
  Time since last request: 13.189571 seconds.
  path: Assets/Imports/Music/sound/hero_butterfly_blade.wav
  artifactKey: Guid(ba8b6cd3cb96e1046b015af06c97976b) Importer(815301076,1909f56bfc062723c751e8b465ee728b)
Start importing Assets/Imports/Music/sound/hero_butterfly_blade.wav using Guid(ba8b6cd3cb96e1046b015af06c97976b) Importer(815301076,1909f56bfc062723c751e8b465ee728b)  -> (artifact id: '8de044ea570f1fc698031d7e26d4584c') in 0.081811 seconds 
========================================================================
Received Import Request.
  Time since last request: 0.000021 seconds.
  path: Assets/Imports/Music/sound/hero_fluke_bounce_12.wav
  artifactKey: Guid(554c1ba07afcfc74c992ab32e459e80f) Importer(815301076,1909f56bfc062723c751e8b465ee728b)
Start importing Assets/Imports/Music/sound/hero_fluke_bounce_12.wav using Guid(554c1ba07afcfc74c992ab32e459e80f) Importer(815301076,1909f56bfc062723c751e8b465ee728b)  -> (artifact id: '55ba977f93e504f6f127bcb7175d176a') in 0.007223 seconds 
========================================================================
Received Import Request.
  Time since last request: 0.000029 seconds.
  path: Assets/Imports/Music/sound/hero_damage_less_harsh #02524.wav
  artifactKey: Guid(a337be7bf62c75c459cd1e6687dd9560) Importer(815301076,1909f56bfc062723c751e8b465ee728b)
Start importing Assets/Imports/Music/sound/hero_damage_less_harsh #02524.wav using Guid(a337be7bf62c75c459cd1e6687dd9560) Importer(815301076,1909f56bfc062723c751e8b465ee728b)  -> (artifact id: '67f09ee7bd8e4be372094f6209908375') in 0.009684 seconds 
========================================================================
Received Import Request.
  Time since last request: 0.000033 seconds.
  path: Assets/Imports/Music/sound/hero_fluke_bounce_4.wav
  artifactKey: Guid(4ffcb02448dce524dbc640fb444255b6) Importer(815301076,1909f56bfc062723c751e8b465ee728b)
Start importing Assets/Imports/Music/sound/hero_fluke_bounce_4.wav using Guid(4ffcb02448dce524dbc640fb444255b6) Importer(815301076,1909f56bfc062723c751e8b465ee728b)  -> (artifact id: 'f54a311402c935e696a043a651070871') in 0.007281 seconds 
========================================================================
Received Import Request.
  Time since last request: 0.000022 seconds.
  path: Assets/Imports/Music/sound/hero_fluke_bounce_5.wav
  artifactKey: Guid(a7035de8971747140941b90d1e83f324) Importer(815301076,1909f56bfc062723c751e8b465ee728b)
Start importing Assets/Imports/Music/sound/hero_fluke_bounce_5.wav using Guid(a7035de8971747140941b90d1e83f324) Importer(815301076,1909f56bfc062723c751e8b465ee728b)  -> (artifact id: '78a48743bfa4eb293d99bb4ee0d19838') in 0.006690 seconds 
========================================================================
Received Import Request.
  Time since last request: 0.000024 seconds.
  path: Assets/Imports/Music/sound/hero_fireball.wav
  artifactKey: Guid(982888d10bd0064448c5668afee90e53) Importer(815301076,1909f56bfc062723c751e8b465ee728b)
Start importing Assets/Imports/Music/sound/hero_fireball.wav using Guid(982888d10bd0064448c5668afee90e53) Importer(815301076,1909f56bfc062723c751e8b465ee728b)  -> (artifact id: '235da82c9d46d8ce6a2da27aa0b862f5') in 0.007308 seconds 
========================================================================
Received Import Request.
  Time since last request: 0.000039 seconds.
  path: Assets/Imports/Music/sound/hero_damage.wav
  artifactKey: Guid(04f2d997939b3e7408c98ad92405d8cd) Importer(815301076,1909f56bfc062723c751e8b465ee728b)
Start importing Assets/Imports/Music/sound/hero_damage.wav using Guid(04f2d997939b3e7408c98ad92405d8cd) Importer(815301076,1909f56bfc062723c751e8b465ee728b)  -> (artifact id: '0f1f98e760d189cd8ad61b0705ccd9dd') in 0.008439 seconds 
========================================================================
Received Import Request.
  Time since last request: 0.000027 seconds.
  path: Assets/Imports/Music/sound/hero_land_hard #033076.wav
  artifactKey: Guid(a175a7ee33e03fa44821db4b5f0993b6) Importer(815301076,1909f56bfc062723c751e8b465ee728b)
Start importing Assets/Imports/Music/sound/hero_land_hard #033076.wav using Guid(a175a7ee33e03fa44821db4b5f0993b6) Importer(815301076,1909f56bfc062723c751e8b465ee728b)  -> (artifact id: '89308a2a72f6bd7a3e0ca1d4f0891cf2') in 0.007543 seconds 
========================================================================
Received Import Request.
  Time since last request: 0.000022 seconds.
  path: Assets/Imports/Music/sound/hero_fluke_bounce_8.wav
  artifactKey: Guid(3479da2d476506f4fa08da322af4862c) Importer(815301076,1909f56bfc062723c751e8b465ee728b)
Start importing Assets/Imports/Music/sound/hero_fluke_bounce_8.wav using Guid(3479da2d476506f4fa08da322af4862c) Importer(815301076,1909f56bfc062723c751e8b465ee728b)  -> (artifact id: '8594d2670d5a473b089178227ee38969') in 0.007082 seconds 
========================================================================
Received Import Request.
  Time since last request: 0.000045 seconds.
  path: Assets/Imports/Music/sound/hero_double_damage.wav
  artifactKey: Guid(70f49225a1628a04a841736636506c68) Importer(815301076,1909f56bfc062723c751e8b465ee728b)
Start importing Assets/Imports/Music/sound/hero_double_damage.wav using Guid(70f49225a1628a04a841736636506c68) Importer(815301076,1909f56bfc062723c751e8b465ee728b)  -> (artifact id: '766eed6558c71b5696cdc51505a1feda') in 0.009107 seconds 
========================================================================
Received Import Request.
  Time since last request: 0.000031 seconds.
  path: Assets/Imports/Music/sound/hero_death_v2.wav
  artifactKey: Guid(5a7644ece8ff941419f41285f964f218) Importer(815301076,1909f56bfc062723c751e8b465ee728b)
Start importing Assets/Imports/Music/sound/hero_death_v2.wav using Guid(5a7644ece8ff941419f41285f964f218) Importer(815301076,1909f56bfc062723c751e8b465ee728b)  -> (artifact id: '8d7a9b001b5d43c655ce3c3cd051fc79') in 0.009216 seconds 
========================================================================
Received Import Request.
  Time since last request: 0.000026 seconds.
  path: Assets/Imports/Music/sound/hero_fluke_cast.wav
  artifactKey: Guid(2e3f01f8b6972df48bc7d1de5a9d9c57) Importer(815301076,1909f56bfc062723c751e8b465ee728b)
Start importing Assets/Imports/Music/sound/hero_fluke_cast.wav using Guid(2e3f01f8b6972df48bc7d1de5a9d9c57) Importer(815301076,1909f56bfc062723c751e8b465ee728b)  -> (artifact id: '7efb90e2434a7f746e6913518e7f08dd') in 0.008972 seconds 
========================================================================
Received Import Request.
  Time since last request: 0.000025 seconds.
  path: Assets/Imports/Music/sound/hero_falling.wav
  artifactKey: Guid(50f937677f37003429161bb78c2fd5e8) Importer(815301076,1909f56bfc062723c751e8b465ee728b)
Start importing Assets/Imports/Music/sound/hero_falling.wav using Guid(50f937677f37003429161bb78c2fd5e8) Importer(815301076,1909f56bfc062723c751e8b465ee728b)  -> (artifact id: 'fe0a0253df4b2c10551aa51383d7f565') in 0.009080 seconds 
========================================================================
Received Import Request.
  Time since last request: 0.000022 seconds.
  path: Assets/Imports/Music/sound/hero_evade.wav
  artifactKey: Guid(ad608912f744efd49a001eebc948f92f) Importer(815301076,1909f56bfc062723c751e8b465ee728b)
Start importing Assets/Imports/Music/sound/hero_evade.wav using Guid(ad608912f744efd49a001eebc948f92f) Importer(815301076,1909f56bfc062723c751e8b465ee728b)  -> (artifact id: '0834a10aea759c1da36660606b11a56b') in 0.009784 seconds 
========================================================================
Received Import Request.
  Time since last request: 0.000024 seconds.
  path: Assets/Imports/Music/sound/hero_death_extra_details.wav
  artifactKey: Guid(861c9df6bb50a0a4784f15129dffe325) Importer(815301076,1909f56bfc062723c751e8b465ee728b)
Start importing Assets/Imports/Music/sound/hero_death_extra_details.wav using Guid(861c9df6bb50a0a4784f15129dffe325) Importer(815301076,1909f56bfc062723c751e8b465ee728b)  -> (artifact id: '8b36eb439621a090e03f9ba98e61c043') in 0.008430 seconds 
========================================================================
Received Import Request.
  Time since last request: 0.000019 seconds.
  path: Assets/Imports/Music/sound/hero_dream_nail_slash_only.wav
  artifactKey: Guid(fe113f68162646c41b216e2404f8a3d0) Importer(815301076,1909f56bfc062723c751e8b465ee728b)
Start importing Assets/Imports/Music/sound/hero_dream_nail_slash_only.wav using Guid(fe113f68162646c41b216e2404f8a3d0) Importer(815301076,1909f56bfc062723c751e8b465ee728b)  -> (artifact id: '346957207c8c34f2ce8e20f2bab26b39') in 0.008385 seconds 
========================================================================
Received Import Request.
  Time since last request: 0.000033 seconds.
  path: Assets/Imports/Music/sound/hero_dream_nail_short_charge.wav
  artifactKey: Guid(16ffac2af8e837947b1ad487c975a981) Importer(815301076,1909f56bfc062723c751e8b465ee728b)
Start importing Assets/Imports/Music/sound/hero_dream_nail_short_charge.wav using Guid(16ffac2af8e837947b1ad487c975a981) Importer(815301076,1909f56bfc062723c751e8b465ee728b)  -> (artifact id: '7137c3367a4c19620fade1248f0cee5a') in 0.007949 seconds 
========================================================================
Received Import Request.
  Time since last request: 0.000020 seconds.
  path: Assets/Imports/Music/sound/hero_fluke_bounce_10.wav
  artifactKey: Guid(030b4884b81952a4c848fc352ffee515) Importer(815301076,1909f56bfc062723c751e8b465ee728b)
Start importing Assets/Imports/Music/sound/hero_fluke_bounce_10.wav using Guid(030b4884b81952a4c848fc352ffee515) Importer(815301076,1909f56bfc062723c751e8b465ee728b)  -> (artifact id: 'e5357ed05814e467df72d1ed909741c3') in 0.006646 seconds 
========================================================================
Received Import Request.
  Time since last request: 0.000039 seconds.
  path: Assets/Imports/Music/sound/hero_damage #001321.wav
  artifactKey: Guid(013f3caa4540afa40bbfff4617fdbb5e) Importer(815301076,1909f56bfc062723c751e8b465ee728b)
Start importing Assets/Imports/Music/sound/hero_damage #001321.wav using Guid(013f3caa4540afa40bbfff4617fdbb5e) Importer(815301076,1909f56bfc062723c751e8b465ee728b)  -> (artifact id: 'e59aa40409becb3089d28498ff6af7d7') in 0.010376 seconds 
========================================================================
Received Import Request.
  Time since last request: 5.804038 seconds.
  path: Assets/Imports/Music/sound/hero_nail_art_charge_complete.wav
  artifactKey: Guid(14ab2cda02865c64482d8f3bb31851c2) Importer(815301076,1909f56bfc062723c751e8b465ee728b)
Start importing Assets/Imports/Music/sound/hero_nail_art_charge_complete.wav using Guid(14ab2cda02865c64482d8f3bb31851c2) Importer(815301076,1909f56bfc062723c751e8b465ee728b)  -> (artifact id: 'd6e9e17363dabcfc6da9d6c2a202c754') in 0.008442 seconds 
========================================================================
Received Import Request.
  Time since last request: 0.000028 seconds.
  path: Assets/Imports/Music/sound/hero_nail_art_charge_loop.wav
  artifactKey: Guid(37ba9e632f876c24482a1dcbf28909e0) Importer(815301076,1909f56bfc062723c751e8b465ee728b)
Start importing Assets/Imports/Music/sound/hero_nail_art_charge_loop.wav using Guid(37ba9e632f876c24482a1dcbf28909e0) Importer(815301076,1909f56bfc062723c751e8b465ee728b)  -> (artifact id: '59c48593398a590309d6e76050504f4a') in 0.007552 seconds 
========================================================================
Received Import Request.
  Time since last request: 0.031866 seconds.
  path: Assets/Imports/Music/sound/hero_parry.wav
  artifactKey: Guid(e445e1650d995764c978289d16363e6e) Importer(815301076,1909f56bfc062723c751e8b465ee728b)
Start importing Assets/Imports/Music/sound/hero_parry.wav using Guid(e445e1650d995764c978289d16363e6e) Importer(815301076,1909f56bfc062723c751e8b465ee728b)  -> (artifact id: 'cd905131cb706eeb3df8e1d148aff35e') in 0.010405 seconds 
========================================================================
Received Import Request.
  Time since last request: 0.000024 seconds.
  path: Assets/Imports/Music/sound/hero_run_footsteps_bones.wav
  artifactKey: Guid(755221425410aed4bb603d1eee99c07d) Importer(815301076,1909f56bfc062723c751e8b465ee728b)
Start importing Assets/Imports/Music/sound/hero_run_footsteps_bones.wav using Guid(755221425410aed4bb603d1eee99c07d) Importer(815301076,1909f56bfc062723c751e8b465ee728b)  -> (artifact id: '53ab22785f19a5b4cd2fb470cdb2c293') in 0.010196 seconds 
========================================================================
Received Import Request.
  Time since last request: 0.005594 seconds.
  path: Assets/Imports/Music/sound/hero_run_footsteps_stone.wav
  artifactKey: Guid(38b8a65f0e1ecb24592f9dbeccf077a4) Importer(815301076,1909f56bfc062723c751e8b465ee728b)
Start importing Assets/Imports/Music/sound/hero_run_footsteps_stone.wav using Guid(38b8a65f0e1ecb24592f9dbeccf077a4) Importer(815301076,1909f56bfc062723c751e8b465ee728b)  -> (artifact id: '4722b9c450a283c5dc8c0035db21211b') in 0.008566 seconds 
========================================================================
Received Import Request.
  Time since last request: 0.000038 seconds.
  path: Assets/Imports/Music/sound/hero_shade_dash_charge_pt_1.wav
  artifactKey: Guid(b985af6ee7218a545baf8665274378ca) Importer(815301076,1909f56bfc062723c751e8b465ee728b)
Start importing Assets/Imports/Music/sound/hero_shade_dash_charge_pt_1.wav using Guid(b985af6ee7218a545baf8665274378ca) Importer(815301076,1909f56bfc062723c751e8b465ee728b)  -> (artifact id: '1396f064f0bb73bcdedffa931b25bea8') in 0.009292 seconds 
========================================================================
Received Import Request.
  Time since last request: 0.020816 seconds.
  path: Assets/Imports/Music/sound/hero_super_dash_air_brake.wav
  artifactKey: Guid(8af93ad35caea7d45a2900e9358c71bf) Importer(815301076,1909f56bfc062723c751e8b465ee728b)
Start importing Assets/Imports/Music/sound/hero_super_dash_air_brake.wav using Guid(8af93ad35caea7d45a2900e9358c71bf) Importer(815301076,1909f56bfc062723c751e8b465ee728b)  -> (artifact id: '5c3b8b9bcb0cf52782485eda7c9ac0a0') in 0.007301 seconds 
========================================================================
Received Import Request.
  Time since last request: 0.000024 seconds.
  path: Assets/Imports/Music/sound/hero_super_dash_impact_wall.wav
  artifactKey: Guid(52ef70c3a73b12e47bcbf1424f6298f1) Importer(815301076,1909f56bfc062723c751e8b465ee728b)
Start importing Assets/Imports/Music/sound/hero_super_dash_impact_wall.wav using Guid(52ef70c3a73b12e47bcbf1424f6298f1) Importer(815301076,1909f56bfc062723c751e8b465ee728b)  -> (artifact id: 'a2bdfb37fc3b5ec89fd9978c91c9f8ab') in 0.007235 seconds 
========================================================================
Received Import Request.
  Time since last request: 0.315400 seconds.
  path: Assets/Imports/Music/sound/hero_tentacle_sword.wav
  artifactKey: Guid(ebc61471e39bdea448ebe006901fe0a6) Importer(815301076,1909f56bfc062723c751e8b465ee728b)
Start importing Assets/Imports/Music/sound/hero_tentacle_sword.wav using Guid(ebc61471e39bdea448ebe006901fe0a6) Importer(815301076,1909f56bfc062723c751e8b465ee728b)  -> (artifact id: '9cd353659dd4cf20c3ae294ae595898a') in 0.008914 seconds 
========================================================================
Received Import Request.
  Time since last request: 0.019428 seconds.
  path: Assets/Imports/Music/sound/hero_wall_slide.wav
  artifactKey: Guid(41fa44091bb387041b83eb838316257f) Importer(815301076,1909f56bfc062723c751e8b465ee728b)
Start importing Assets/Imports/Music/sound/hero_wall_slide.wav using Guid(41fa44091bb387041b83eb838316257f) Importer(815301076,1909f56bfc062723c751e8b465ee728b)  -> (artifact id: 'd055b2649f7e31d8b4733cc63a07732f') in 0.008561 seconds 
========================================================================
Received Prepare
Registering precompiled user dll's ...
Registered in 0.004025 seconds.
Begin MonoManager ReloadAssembly
Symbol file LoadedFromMemory doesn't match image C:\Users\Brice\Desktop\S2 Project\Deeps\Deeps\Library\PackageCache\com.unity.visualscripting@1.7.8\Editor\VisualScripting.Core\Dependencies\YamlDotNet\Unity.VisualScripting.YamlDotNet.dll
Symbol file LoadedFromMemory doesn't match image C:\Users\Brice\Desktop\S2 Project\Deeps\Deeps\Library\PackageCache\com.unity.visualscripting@1.7.8\Editor\VisualScripting.Core\Dependencies\DotNetZip\Unity.VisualScripting.IonicZip.dll
Native extension for WindowsStandalone target not found
Native extension for WebGL target not found
Refreshing native plugins compatible for Editor in 0.71 ms, found 4 plugins.
Preloading 0 native plugins for Editor in 0.00 ms.
Mono: successfully reloaded assembly
- Completed reload, in  0.718 seconds
Domain Reload Profiling:
	ReloadAssembly (719ms)
		BeginReloadAssembly (120ms)
			ExecutionOrderSort (0ms)
			DisableScriptedObjects (4ms)
			BackupInstance (0ms)
			ReleaseScriptingObjects (0ms)
			CreateAndSetChildDomain (30ms)
		EndReloadAssembly (499ms)
			LoadAssemblies (72ms)
			RebuildTransferFunctionScriptingTraits (0ms)
			SetupTypeCache (148ms)
			ReleaseScriptCaches (1ms)
			RebuildScriptCaches (27ms)
			SetupLoadedEditorAssemblies (235ms)
				LogAssemblyErrors (0ms)
				InitializePlatformSupportModulesInManaged (9ms)
				SetLoadedEditorAssemblies (0ms)
				RefreshPlugins (1ms)
				BeforeProcessingInitializeOnLoad (48ms)
				ProcessInitializeOnLoadAttributes (150ms)
				ProcessInitializeOnLoadMethodAttributes (24ms)
				AfterProcessingInitializeOnLoad (3ms)
				EditorAssembliesLoaded (0ms)
			ExecutionOrderSort2 (0ms)
			AwakeInstancesAfterBackupRestoration (5ms)
Platform modules already initialized, skipping
Refreshing native plugins compatible for Editor in 1.62 ms, found 4 plugins.
Preloading 0 native plugins for Editor in 0.00 ms.
Unloading 4084 Unused Serialized files (Serialized files now loaded: 0)
Unloading 30 unused Assets / (152.4 KB). Loaded Objects now: 4574.
Memory consumption went from 158.6 MB to 158.4 MB.
Total: 2.207100 ms (FindLiveObjects: 0.185100 ms CreateObjectMapping: 0.113100 ms MarkObjects: 1.818100 ms  DeleteObjects: 0.090000 ms)

AssetImportParameters requested are different than current active one (requested -> active):
  custom:video-decoder-ogg-theora: a1e56fd34408186e4bbccfd4996cb3dc -> 
  custom:container-muxer-webm: aa71ff27fc2769a1b78a27578f13a17b -> 
  custom:container-demuxer-webm: 4f35f7cbe854078d1ac9338744f61a02 -> 
  custom:video-encoder-webm-vp8: eb34c28f22e8b96e1ab97ce403110664 -> 
  custom:video-codec-MediaFoundation-h265: e54d7ab0439102e2317fc1e4b246158d -> 
  custom:audio-encoder-webm-vorbis: bf7c407c2cedff20999df2af8eb42d56 -> 
  custom:framework-win-MediaFoundation: 216162199b28c13a410421893ffa2e32 -> 
  custom:container-demuxer-ogg: 62fdf1f143b41e24485cea50d1cbac27 -> 
  custom:video-decoder-webm-vp8: 9c59270c3fd7afecdb556c50c9e8de78 -> 
  custom:audio-decoder-ogg-vorbis: bf7c407c2cedff20999df2af8eb42d56 -> 
Editor requested this worker to shutdown with reason: Scaling down because of idle timeout
AssetImportWorker is now disconnected from the server
Process exiting
Exiting without the bug reporter. Application will terminate with return code 0