Using pre-set license
Built from '2021.3/staging' branch; Version is '2021.3.16f1 (4016570cf34f) revision 4200023'; Using compiler version '192829333'; Build Type 'Release'
OS: 'Windows 11  (10.0.22000) 64bit Professional' Language: 'fr' Physical Memory: 32627 MB
BatchMode: 1, IsHumanControllingUs: 0, StartBugReporterOnCrash: 0, Is64bit: 1, IsPro: 1

COMMAND LINE ARGUMENTS:
C:\Program Files\Unity\Hub\Editor\2021.3.16f1\Editor\Unity.exe
-adb2
-batchMode
-noUpm
-name
AssetImportWorker2
-projectPath
C:/Users/Brice/Desktop/Nouveau dossier (8)/Deeps/Deeps
-logFile
Logs/AssetImportWorker2.log
-srvPort
60070
Successfully changed project path to: C:/Users/Brice/Desktop/Nouveau dossier (8)/Deeps/Deeps
C:/Users/Brice/Desktop/Nouveau dossier (8)/Deeps/Deeps
[UnityMemory] Configuration Parameters - Can be set up in boot.config
    "memorysetup-bucket-allocator-granularity=16"
    "memorysetup-bucket-allocator-bucket-count=8"
    "memorysetup-bucket-allocator-block-size=33554432"
    "memorysetup-bucket-allocator-block-count=8"
    "memorysetup-main-allocator-block-size=16777216"
    "memorysetup-thread-allocator-block-size=16777216"
    "memorysetup-gfx-main-allocator-block-size=16777216"
    "memorysetup-gfx-thread-allocator-block-size=16777216"
    "memorysetup-cache-allocator-block-size=4194304"
    "memorysetup-typetree-allocator-block-size=2097152"
    "memorysetup-profiler-bucket-allocator-granularity=16"
    "memorysetup-profiler-bucket-allocator-bucket-count=8"
    "memorysetup-profiler-bucket-allocator-block-size=33554432"
    "memorysetup-profiler-bucket-allocator-block-count=8"
    "memorysetup-profiler-allocator-block-size=16777216"
    "memorysetup-profiler-editor-allocator-block-size=1048576"
    "memorysetup-temp-allocator-size-main=16777216"
    "memorysetup-job-temp-allocator-block-size=2097152"
    "memorysetup-job-temp-allocator-block-size-background=1048576"
    "memorysetup-job-temp-allocator-reduction-small-platforms=262144"
    "memorysetup-temp-allocator-size-background-worker=32768"
    "memorysetup-temp-allocator-size-job-worker=262144"
    "memorysetup-temp-allocator-size-preload-manager=33554432"
    "memorysetup-temp-allocator-size-nav-mesh-worker=65536"
    "memorysetup-temp-allocator-size-audio-worker=65536"
    "memorysetup-temp-allocator-size-cloud-worker=32768"
    "memorysetup-temp-allocator-size-gi-baking-worker=262144"
    "memorysetup-temp-allocator-size-gfx=262144"
Player connection [20528] Host "[IP] 192.168.0.13 [Port] 0 [Flags] 2 [Guid] 3662661490 [EditorId] 3662661490 [Version] 1048832 [Id] WindowsEditor(7,DESKTOP-RKU278G) [Debug] 1 [PackageName] WindowsEditor [ProjectName] Editor" joined multi-casting on [225.0.0.222:54997]...

Player connection [20528] Host "[IP] 192.168.0.13 [Port] 0 [Flags] 2 [Guid] 3662661490 [EditorId] 3662661490 [Version] 1048832 [Id] WindowsEditor(7,DESKTOP-RKU278G) [Debug] 1 [PackageName] WindowsEditor [ProjectName] Editor" joined alternative multi-casting on [225.0.0.222:34997]...

Refreshing native plugins compatible for Editor in 129.99 ms, found 4 plugins.
Preloading 0 native plugins for Editor in 0.00 ms.
Initialize engine version: 2021.3.16f1 (4016570cf34f)
[Subsystems] Discovering subsystems at path C:/Program Files/Unity/Hub/Editor/2021.3.16f1/Editor/Data/Resources/UnitySubsystems
[Subsystems] Discovering subsystems at path C:/Users/Brice/Desktop/Nouveau dossier (8)/Deeps/Deeps/Assets
GfxDevice: creating device client; threaded=0; jobified=0
Direct3D:
    Version:  Direct3D 11.0 [level 11.1]
    Renderer: NVIDIA GeForce RTX 3080 (ID=0x2216)
    Vendor:   NVIDIA
    VRAM:     10067 MB
    Driver:   31.0.15.2824
Initialize mono
Mono path[0] = 'C:/Program Files/Unity/Hub/Editor/2021.3.16f1/Editor/Data/Managed'
Mono path[1] = 'C:/Program Files/Unity/Hub/Editor/2021.3.16f1/Editor/Data/MonoBleedingEdge/lib/mono/unityjit-win32'
Mono config path = 'C:/Program Files/Unity/Hub/Editor/2021.3.16f1/Editor/Data/MonoBleedingEdge/etc'
Using monoOptions --debugger-agent=transport=dt_socket,embedding=1,server=y,suspend=n,address=127.0.0.1:56256
Begin MonoManager ReloadAssembly
Registering precompiled unity dll's ...
Register platform support module: C:/Program Files/Unity/Hub/Editor/2021.3.16f1/Editor/Data/PlaybackEngines/WebGLSupport/UnityEditor.WebGL.Extensions.dll
Register platform support module: C:/Program Files/Unity/Hub/Editor/2021.3.16f1/Editor/Data/PlaybackEngines/WindowsStandaloneSupport/UnityEditor.WindowsStandalone.Extensions.dll
Registered in 0.002842 seconds.
Native extension for WindowsStandalone target not found
Native extension for WebGL target not found
Refreshing native plugins compatible for Editor in 64.38 ms, found 4 plugins.
Preloading 0 native plugins for Editor in 0.00 ms.
Mono: successfully reloaded assembly
- Completed reload, in  0.440 seconds
Domain Reload Profiling:
	ReloadAssembly (440ms)
		BeginReloadAssembly (57ms)
			ExecutionOrderSort (0ms)
			DisableScriptedObjects (0ms)
			BackupInstance (0ms)
			ReleaseScriptingObjects (0ms)
			CreateAndSetChildDomain (1ms)
		EndReloadAssembly (311ms)
			LoadAssemblies (54ms)
			RebuildTransferFunctionScriptingTraits (0ms)
			SetupTypeCache (74ms)
			ReleaseScriptCaches (0ms)
			RebuildScriptCaches (17ms)
			SetupLoadedEditorAssemblies (188ms)
				LogAssemblyErrors (0ms)
				InitializePlatformSupportModulesInManaged (5ms)
				SetLoadedEditorAssemblies (0ms)
				RefreshPlugins (64ms)
				BeforeProcessingInitializeOnLoad (1ms)
				ProcessInitializeOnLoadAttributes (88ms)
				ProcessInitializeOnLoadMethodAttributes (29ms)
				AfterProcessingInitializeOnLoad (0ms)
				EditorAssembliesLoaded (0ms)
			ExecutionOrderSort2 (0ms)
			AwakeInstancesAfterBackupRestoration (0ms)
Platform modules already initialized, skipping
Registering precompiled user dll's ...
Registered in 0.003662 seconds.
Begin MonoManager ReloadAssembly
Symbol file LoadedFromMemory doesn't match image C:\Users\Brice\Desktop\Nouveau dossier (8)\Deeps\Deeps\Library\PackageCache\com.unity.visualscripting@1.7.8\Editor\VisualScripting.Core\Dependencies\YamlDotNet\Unity.VisualScripting.YamlDotNet.dll
Symbol file LoadedFromMemory doesn't match image C:\Users\Brice\Desktop\Nouveau dossier (8)\Deeps\Deeps\Library\PackageCache\com.unity.visualscripting@1.7.8\Editor\VisualScripting.Core\Dependencies\DotNetZip\Unity.VisualScripting.IonicZip.dll
Native extension for WindowsStandalone target not found
Native extension for WebGL target not found
Refreshing native plugins compatible for Editor in 62.28 ms, found 4 plugins.
Preloading 0 native plugins for Editor in 0.00 ms.
Mono: successfully reloaded assembly
- Completed reload, in  0.764 seconds
Domain Reload Profiling:
	ReloadAssembly (764ms)
		BeginReloadAssembly (70ms)
			ExecutionOrderSort (0ms)
			DisableScriptedObjects (3ms)
			BackupInstance (0ms)
			ReleaseScriptingObjects (0ms)
			CreateAndSetChildDomain (14ms)
		EndReloadAssembly (621ms)
			LoadAssemblies (54ms)
			RebuildTransferFunctionScriptingTraits (0ms)
			SetupTypeCache (169ms)
			ReleaseScriptCaches (0ms)
			RebuildScriptCaches (40ms)
			SetupLoadedEditorAssemblies (327ms)
				LogAssemblyErrors (0ms)
				InitializePlatformSupportModulesInManaged (4ms)
				SetLoadedEditorAssemblies (0ms)
				RefreshPlugins (62ms)
				BeforeProcessingInitializeOnLoad (64ms)
				ProcessInitializeOnLoadAttributes (167ms)
				ProcessInitializeOnLoadMethodAttributes (27ms)
				AfterProcessingInitializeOnLoad (3ms)
				EditorAssembliesLoaded (0ms)
			ExecutionOrderSort2 (0ms)
			AwakeInstancesAfterBackupRestoration (4ms)
Platform modules already initialized, skipping
========================================================================
Worker process is ready to serve import requests
Launched and connected shader compiler UnityShaderCompiler.exe after 0.04 seconds
Refreshing native plugins compatible for Editor in 0.64 ms, found 4 plugins.
Preloading 0 native plugins for Editor in 0.00 ms.
Unloading 4105 Unused Serialized files (Serialized files now loaded: 0)
Unloading 43 unused Assets / (185.8 KB). Loaded Objects now: 4562.
Memory consumption went from 155.8 MB to 155.6 MB.
Total: 2.283600 ms (FindLiveObjects: 0.200500 ms CreateObjectMapping: 0.098700 ms MarkObjects: 1.871700 ms  DeleteObjects: 0.112100 ms)

AssetImportParameters requested are different than current active one (requested -> active):
  custom:video-decoder-ogg-theora: a1e56fd34408186e4bbccfd4996cb3dc -> 
  custom:container-muxer-webm: aa71ff27fc2769a1b78a27578f13a17b -> 
  custom:container-demuxer-webm: 4f35f7cbe854078d1ac9338744f61a02 -> 
  custom:video-encoder-webm-vp8: eb34c28f22e8b96e1ab97ce403110664 -> 
  custom:video-codec-MediaFoundation-h265: e54d7ab0439102e2317fc1e4b246158d -> 
  custom:audio-encoder-webm-vorbis: bf7c407c2cedff20999df2af8eb42d56 -> 
  custom:framework-win-MediaFoundation: 216162199b28c13a410421893ffa2e32 -> 
  custom:container-demuxer-ogg: 62fdf1f143b41e24485cea50d1cbac27 -> 
  custom:video-decoder-webm-vp8: 9c59270c3fd7afecdb556c50c9e8de78 -> 
  custom:audio-decoder-ogg-vorbis: bf7c407c2cedff20999df2af8eb42d56 -> 
========================================================================
Received Import Request.
  Time since last request: 698995.643075 seconds.
  path: Assets/Tiles Palettes/TilesSquare.prefab
  artifactKey: Guid(fee44470f0897a04a816dc1569d9f085) Importer(815301076,1909f56bfc062723c751e8b465ee728b)
Start importing Assets/Tiles Palettes/TilesSquare.prefab using Guid(fee44470f0897a04a816dc1569d9f085) Importer(815301076,1909f56bfc062723c751e8b465ee728b)  -> (artifact id: '70bf226538b9536803dfe9021e1bcc99') in 0.101056 seconds 
========================================================================
Received Import Request.
  Time since last request: 173.334127 seconds.
  path: Assets/FalseKnight/Sprites/fk-attack-recover.png
  artifactKey: Guid(c4b1f825ee9aedb4d8df71f412169b4f) Importer(815301076,1909f56bfc062723c751e8b465ee728b)
Start importing Assets/FalseKnight/Sprites/fk-attack-recover.png using Guid(c4b1f825ee9aedb4d8df71f412169b4f) Importer(815301076,1909f56bfc062723c751e8b465ee728b)  -> (artifact id: '127ad4a5507e3e95e88955d3c4fdb311') in 0.063894 seconds 
========================================================================
Received Import Request.
  Time since last request: 0.000039 seconds.
  path: Assets/FalseKnight/Sprites/fk-land.png
  artifactKey: Guid(4d1e19bcf87f94c42adb1c3625f68631) Importer(815301076,1909f56bfc062723c751e8b465ee728b)
Start importing Assets/FalseKnight/Sprites/fk-land.png using Guid(4d1e19bcf87f94c42adb1c3625f68631) Importer(815301076,1909f56bfc062723c751e8b465ee728b)  -> (artifact id: '0ce5b2f93f85dcca820d9d684c4cea46') in 0.058242 seconds 
========================================================================
Received Import Request.
  Time since last request: 0.000037 seconds.
  path: Assets/FalseKnight/Sprites/fk-fireball.png
  artifactKey: Guid(87248f34324bad54f813b0133e77689d) Importer(815301076,1909f56bfc062723c751e8b465ee728b)
Start importing Assets/FalseKnight/Sprites/fk-fireball.png using Guid(87248f34324bad54f813b0133e77689d) Importer(815301076,1909f56bfc062723c751e8b465ee728b)  -> (artifact id: '4cc378429eeb7b5e01631d180e0f8e1e') in 0.016210 seconds 
========================================================================
Received Import Request.
  Time since last request: 0.000031 seconds.
  path: Assets/FalseKnight/Sprites/fk-jump-attack-land.png
  artifactKey: Guid(632a92fcbd5b0ce4cb30e4906d6d0083) Importer(815301076,1909f56bfc062723c751e8b465ee728b)
Start importing Assets/FalseKnight/Sprites/fk-jump-attack-land.png using Guid(632a92fcbd5b0ce4cb30e4906d6d0083) Importer(815301076,1909f56bfc062723c751e8b465ee728b)  -> (artifact id: '1b2891f217a9395e972c1c3ccf710a8c') in 0.124267 seconds 
========================================================================
Received Import Request.
  Time since last request: 0.000034 seconds.
  path: Assets/FalseKnight/Sprites/fk-idle.png
  artifactKey: Guid(bbcc3383f36e88041ae1aac345e68cbc) Importer(815301076,1909f56bfc062723c751e8b465ee728b)
Start importing Assets/FalseKnight/Sprites/fk-idle.png using Guid(bbcc3383f36e88041ae1aac345e68cbc) Importer(815301076,1909f56bfc062723c751e8b465ee728b)  -> (artifact id: '7dc458b3c0564b6199c8f95a4f1d7311') in 0.046517 seconds 
========================================================================
Received Import Request.
  Time since last request: 0.000019 seconds.
  path: Assets/FalseKnight/Sprites/fk-roll-idle.png
  artifactKey: Guid(e0b8e6ed8149c074ab7db5e2eb1813d3) Importer(815301076,1909f56bfc062723c751e8b465ee728b)
Start importing Assets/FalseKnight/Sprites/fk-roll-idle.png using Guid(e0b8e6ed8149c074ab7db5e2eb1813d3) Importer(815301076,1909f56bfc062723c751e8b465ee728b)  -> (artifact id: '0d60d1de592843565e7f65e6d326e9d2') in 0.055092 seconds 
========================================================================
Received Import Request.
  Time since last request: 0.000031 seconds.
  path: Assets/FalseKnight/Sprites/fk-shockwave.png
  artifactKey: Guid(2115447b7e0d4954081a369989ad245c) Importer(815301076,1909f56bfc062723c751e8b465ee728b)
Start importing Assets/FalseKnight/Sprites/fk-shockwave.png using Guid(2115447b7e0d4954081a369989ad245c) Importer(815301076,1909f56bfc062723c751e8b465ee728b)  -> (artifact id: '9420f4c1fb484491322349f41e397eee') in 0.032523 seconds 
========================================================================
Received Import Request.
  Time since last request: 54.839674 seconds.
  path: Assets/Imports/hearth_fill.png
  artifactKey: Guid(6c94be19d1de0d549b92eaa90ebdd399) Importer(815301076,1909f56bfc062723c751e8b465ee728b)
Start importing Assets/Imports/hearth_fill.png using Guid(6c94be19d1de0d549b92eaa90ebdd399) Importer(815301076,1909f56bfc062723c751e8b465ee728b)  -> (artifact id: 'f04f216d58ba5260141f7402b2b707b0') in 0.018727 seconds 
========================================================================
Received Import Request.
  Time since last request: 0.000024 seconds.
  path: Assets/Imports/Sans titre.png
  artifactKey: Guid(156f156d135865042bac139e98640db5) Importer(815301076,1909f56bfc062723c751e8b465ee728b)
Start importing Assets/Imports/Sans titre.png using Guid(156f156d135865042bac139e98640db5) Importer(815301076,1909f56bfc062723c751e8b465ee728b)  -> (artifact id: '1a7408653d2471c1b84302ee9a6a710a') in 0.019408 seconds 
========================================================================
Received Prepare
Registering precompiled user dll's ...
Registered in 0.004249 seconds.
Begin MonoManager ReloadAssembly
Symbol file LoadedFromMemory doesn't match image C:\Users\Brice\Desktop\Nouveau dossier (8)\Deeps\Deeps\Library\PackageCache\com.unity.visualscripting@1.7.8\Editor\VisualScripting.Core\Dependencies\YamlDotNet\Unity.VisualScripting.YamlDotNet.dll
Symbol file LoadedFromMemory doesn't match image C:\Users\Brice\Desktop\Nouveau dossier (8)\Deeps\Deeps\Library\PackageCache\com.unity.visualscripting@1.7.8\Editor\VisualScripting.Core\Dependencies\DotNetZip\Unity.VisualScripting.IonicZip.dll
Native extension for WindowsStandalone target not found
Native extension for WebGL target not found
Refreshing native plugins compatible for Editor in 0.66 ms, found 4 plugins.
Preloading 0 native plugins for Editor in 0.00 ms.
Mono: successfully reloaded assembly
- Completed reload, in  0.797 seconds
Domain Reload Profiling:
	ReloadAssembly (798ms)
		BeginReloadAssembly (118ms)
			ExecutionOrderSort (0ms)
			DisableScriptedObjects (3ms)
			BackupInstance (0ms)
			ReleaseScriptingObjects (0ms)
			CreateAndSetChildDomain (45ms)
		EndReloadAssembly (571ms)
			LoadAssemblies (70ms)
			RebuildTransferFunctionScriptingTraits (0ms)
			SetupTypeCache (215ms)
			ReleaseScriptCaches (1ms)
			RebuildScriptCaches (31ms)
			SetupLoadedEditorAssemblies (225ms)
				LogAssemblyErrors (0ms)
				InitializePlatformSupportModulesInManaged (8ms)
				SetLoadedEditorAssemblies (0ms)
				RefreshPlugins (1ms)
				BeforeProcessingInitializeOnLoad (43ms)
				ProcessInitializeOnLoadAttributes (140ms)
				ProcessInitializeOnLoadMethodAttributes (29ms)
				AfterProcessingInitializeOnLoad (4ms)
				EditorAssembliesLoaded (0ms)
			ExecutionOrderSort2 (0ms)
			AwakeInstancesAfterBackupRestoration (5ms)
Platform modules already initialized, skipping
Refreshing native plugins compatible for Editor in 1.59 ms, found 4 plugins.
Preloading 0 native plugins for Editor in 0.00 ms.
Unloading 4085 Unused Serialized files (Serialized files now loaded: 0)
Unloading 30 unused Assets / (152.4 KB). Loaded Objects now: 4630.
Memory consumption went from 158.7 MB to 158.5 MB.
Total: 2.260000 ms (FindLiveObjects: 0.257500 ms CreateObjectMapping: 0.102000 ms MarkObjects: 1.805200 ms  DeleteObjects: 0.094100 ms)

AssetImportParameters requested are different than current active one (requested -> active):
  custom:video-decoder-ogg-theora: a1e56fd34408186e4bbccfd4996cb3dc -> 
  custom:container-muxer-webm: aa71ff27fc2769a1b78a27578f13a17b -> 
  custom:container-demuxer-webm: 4f35f7cbe854078d1ac9338744f61a02 -> 
  custom:video-encoder-webm-vp8: eb34c28f22e8b96e1ab97ce403110664 -> 
  custom:video-codec-MediaFoundation-h265: e54d7ab0439102e2317fc1e4b246158d -> 
  custom:audio-encoder-webm-vorbis: bf7c407c2cedff20999df2af8eb42d56 -> 
  custom:framework-win-MediaFoundation: 216162199b28c13a410421893ffa2e32 -> 
  custom:container-demuxer-ogg: 62fdf1f143b41e24485cea50d1cbac27 -> 
  custom:video-decoder-webm-vp8: 9c59270c3fd7afecdb556c50c9e8de78 -> 
  custom:audio-decoder-ogg-vorbis: bf7c407c2cedff20999df2af8eb42d56 -> 
Editor requested this worker to shutdown with reason: Scaling down because of idle timeout
AssetImportWorker is now disconnected from the server
Process exiting
Exiting without the bug reporter. Application will terminate with return code 0