Using pre-set license
Built from '2021.3/staging' branch; Version is '2021.3.16f1 (4016570cf34f) revision 4200023'; Using compiler version '192829333'; Build Type 'Release'
OS: 'Windows 11  (10.0.22000) 64bit Professional' Language: 'fr' Physical Memory: 32627 MB
BatchMode: 1, IsHumanControllingUs: 0, StartBugReporterOnCrash: 0, Is64bit: 1, IsPro: 1

COMMAND LINE ARGUMENTS:
C:\Program Files\Unity\Hub\Editor\2021.3.16f1\Editor\Unity.exe
-adb2
-batchMode
-noUpm
-name
AssetImportWorker3
-projectPath
C:/Users/Brice/Desktop/dd/Deeps/Deeps
-logFile
Logs/AssetImportWorker3.log
-srvPort
52873
Successfully changed project path to: C:/Users/Brice/Desktop/dd/Deeps/Deeps
C:/Users/Brice/Desktop/dd/Deeps/Deeps
[UnityMemory] Configuration Parameters - Can be set up in boot.config
    "memorysetup-bucket-allocator-granularity=16"
    "memorysetup-bucket-allocator-bucket-count=8"
    "memorysetup-bucket-allocator-block-size=33554432"
    "memorysetup-bucket-allocator-block-count=8"
    "memorysetup-main-allocator-block-size=16777216"
    "memorysetup-thread-allocator-block-size=16777216"
    "memorysetup-gfx-main-allocator-block-size=16777216"
    "memorysetup-gfx-thread-allocator-block-size=16777216"
    "memorysetup-cache-allocator-block-size=4194304"
    "memorysetup-typetree-allocator-block-size=2097152"
    "memorysetup-profiler-bucket-allocator-granularity=16"
    "memorysetup-profiler-bucket-allocator-bucket-count=8"
    "memorysetup-profiler-bucket-allocator-block-size=33554432"
    "memorysetup-profiler-bucket-allocator-block-count=8"
    "memorysetup-profiler-allocator-block-size=16777216"
    "memorysetup-profiler-editor-allocator-block-size=1048576"
    "memorysetup-temp-allocator-size-main=16777216"
    "memorysetup-job-temp-allocator-block-size=2097152"
    "memorysetup-job-temp-allocator-block-size-background=1048576"
    "memorysetup-job-temp-allocator-reduction-small-platforms=262144"
    "memorysetup-temp-allocator-size-background-worker=32768"
    "memorysetup-temp-allocator-size-job-worker=262144"
    "memorysetup-temp-allocator-size-preload-manager=33554432"
    "memorysetup-temp-allocator-size-nav-mesh-worker=65536"
    "memorysetup-temp-allocator-size-audio-worker=65536"
    "memorysetup-temp-allocator-size-cloud-worker=32768"
    "memorysetup-temp-allocator-size-gi-baking-worker=262144"
    "memorysetup-temp-allocator-size-gfx=262144"
Player connection [2860] Host "[IP] 192.168.0.13 [Port] 0 [Flags] 2 [Guid] 3886329064 [EditorId] 3886329064 [Version] 1048832 [Id] WindowsEditor(7,DESKTOP-RKU278G) [Debug] 1 [PackageName] WindowsEditor [ProjectName] Editor" joined multi-casting on [225.0.0.222:54997]...

Player connection [2860] Host "[IP] 192.168.0.13 [Port] 0 [Flags] 2 [Guid] 3886329064 [EditorId] 3886329064 [Version] 1048832 [Id] WindowsEditor(7,DESKTOP-RKU278G) [Debug] 1 [PackageName] WindowsEditor [ProjectName] Editor" joined alternative multi-casting on [225.0.0.222:34997]...

Refreshing native plugins compatible for Editor in 63.63 ms, found 4 plugins.
Preloading 0 native plugins for Editor in 0.00 ms.
Initialize engine version: 2021.3.16f1 (4016570cf34f)
[Subsystems] Discovering subsystems at path C:/Program Files/Unity/Hub/Editor/2021.3.16f1/Editor/Data/Resources/UnitySubsystems
[Subsystems] Discovering subsystems at path C:/Users/Brice/Desktop/dd/Deeps/Deeps/Assets
GfxDevice: creating device client; threaded=0; jobified=0
Direct3D:
    Version:  Direct3D 11.0 [level 11.1]
    Renderer: NVIDIA GeForce RTX 3080 (ID=0x2216)
    Vendor:   NVIDIA
    VRAM:     10078 MB
    Driver:   31.0.15.1694
Initialize mono
Mono path[0] = 'C:/Program Files/Unity/Hub/Editor/2021.3.16f1/Editor/Data/Managed'
Mono path[1] = 'C:/Program Files/Unity/Hub/Editor/2021.3.16f1/Editor/Data/MonoBleedingEdge/lib/mono/unityjit-win32'
Mono config path = 'C:/Program Files/Unity/Hub/Editor/2021.3.16f1/Editor/Data/MonoBleedingEdge/etc'
Using monoOptions --debugger-agent=transport=dt_socket,embedding=1,server=y,suspend=n,address=127.0.0.1:56636
Begin MonoManager ReloadAssembly
Registering precompiled unity dll's ...
Register platform support module: C:/Program Files/Unity/Hub/Editor/2021.3.16f1/Editor/Data/PlaybackEngines/WebGLSupport/UnityEditor.WebGL.Extensions.dll
Register platform support module: C:/Program Files/Unity/Hub/Editor/2021.3.16f1/Editor/Data/PlaybackEngines/WindowsStandaloneSupport/UnityEditor.WindowsStandalone.Extensions.dll
Registered in 0.003251 seconds.
Native extension for WindowsStandalone target not found
Native extension for WebGL target not found
Refreshing native plugins compatible for Editor in 55.34 ms, found 4 plugins.
Preloading 0 native plugins for Editor in 0.00 ms.
Mono: successfully reloaded assembly
- Completed reload, in  0.428 seconds
Domain Reload Profiling:
	ReloadAssembly (428ms)
		BeginReloadAssembly (43ms)
			ExecutionOrderSort (0ms)
			DisableScriptedObjects (0ms)
			BackupInstance (0ms)
			ReleaseScriptingObjects (0ms)
			CreateAndSetChildDomain (1ms)
		EndReloadAssembly (321ms)
			LoadAssemblies (42ms)
			RebuildTransferFunctionScriptingTraits (0ms)
			SetupTypeCache (63ms)
			ReleaseScriptCaches (0ms)
			RebuildScriptCaches (16ms)
			SetupLoadedEditorAssemblies (210ms)
				LogAssemblyErrors (0ms)
				InitializePlatformSupportModulesInManaged (5ms)
				SetLoadedEditorAssemblies (0ms)
				RefreshPlugins (55ms)
				BeforeProcessingInitializeOnLoad (1ms)
				ProcessInitializeOnLoadAttributes (103ms)
				ProcessInitializeOnLoadMethodAttributes (46ms)
				AfterProcessingInitializeOnLoad (0ms)
				EditorAssembliesLoaded (0ms)
			ExecutionOrderSort2 (0ms)
			AwakeInstancesAfterBackupRestoration (0ms)
Platform modules already initialized, skipping
Registering precompiled user dll's ...
Registered in 0.003645 seconds.
Begin MonoManager ReloadAssembly
Symbol file LoadedFromMemory doesn't match image C:\Users\Brice\Desktop\dd\Deeps\Deeps\Library\PackageCache\com.unity.visualscripting@1.7.8\Editor\VisualScripting.Core\Dependencies\YamlDotNet\Unity.VisualScripting.YamlDotNet.dll
Symbol file LoadedFromMemory doesn't match image C:\Users\Brice\Desktop\dd\Deeps\Deeps\Library\PackageCache\com.unity.visualscripting@1.7.8\Editor\VisualScripting.Core\Dependencies\DotNetZip\Unity.VisualScripting.IonicZip.dll
Native extension for WindowsStandalone target not found
Native extension for WebGL target not found
Refreshing native plugins compatible for Editor in 53.82 ms, found 4 plugins.
Preloading 0 native plugins for Editor in 0.00 ms.
Mono: successfully reloaded assembly
- Completed reload, in  0.699 seconds
Domain Reload Profiling:
	ReloadAssembly (700ms)
		BeginReloadAssembly (65ms)
			ExecutionOrderSort (0ms)
			DisableScriptedObjects (3ms)
			BackupInstance (0ms)
			ReleaseScriptingObjects (0ms)
			CreateAndSetChildDomain (12ms)
		EndReloadAssembly (566ms)
			LoadAssemblies (49ms)
			RebuildTransferFunctionScriptingTraits (0ms)
			SetupTypeCache (142ms)
			ReleaseScriptCaches (0ms)
			RebuildScriptCaches (34ms)
			SetupLoadedEditorAssemblies (303ms)
				LogAssemblyErrors (0ms)
				InitializePlatformSupportModulesInManaged (3ms)
				SetLoadedEditorAssemblies (0ms)
				RefreshPlugins (54ms)
				BeforeProcessingInitializeOnLoad (54ms)
				ProcessInitializeOnLoadAttributes (152ms)
				ProcessInitializeOnLoadMethodAttributes (33ms)
				AfterProcessingInitializeOnLoad (6ms)
				EditorAssembliesLoaded (0ms)
			ExecutionOrderSort2 (0ms)
			AwakeInstancesAfterBackupRestoration (6ms)
Platform modules already initialized, skipping
========================================================================
Worker process is ready to serve import requests
Launched and connected shader compiler UnityShaderCompiler.exe after 0.04 seconds
Refreshing native plugins compatible for Editor in 0.53 ms, found 4 plugins.
Preloading 0 native plugins for Editor in 0.00 ms.
Unloading 4057 Unused Serialized files (Serialized files now loaded: 0)
Unloading 44 unused Assets / (229.2 KB). Loaded Objects now: 4508.
Memory consumption went from 151.1 MB to 150.9 MB.
Total: 2.240000 ms (FindLiveObjects: 0.186400 ms CreateObjectMapping: 0.087700 ms MarkObjects: 1.856700 ms  DeleteObjects: 0.108600 ms)

AssetImportParameters requested are different than current active one (requested -> active):
  custom:video-decoder-ogg-theora: a1e56fd34408186e4bbccfd4996cb3dc -> 
  custom:container-muxer-webm: aa71ff27fc2769a1b78a27578f13a17b -> 
  custom:container-demuxer-webm: 4f35f7cbe854078d1ac9338744f61a02 -> 
  custom:video-encoder-webm-vp8: eb34c28f22e8b96e1ab97ce403110664 -> 
  custom:video-codec-MediaFoundation-h265: e54d7ab0439102e2317fc1e4b246158d -> 
  custom:audio-encoder-webm-vorbis: bf7c407c2cedff20999df2af8eb42d56 -> 
  custom:framework-win-MediaFoundation: 216162199b28c13a410421893ffa2e32 -> 
  custom:container-demuxer-ogg: 62fdf1f143b41e24485cea50d1cbac27 -> 
  custom:video-decoder-webm-vp8: 9c59270c3fd7afecdb556c50c9e8de78 -> 
  custom:audio-decoder-ogg-vorbis: bf7c407c2cedff20999df2af8eb42d56 -> 
========================================================================
Received Import Request.
  Time since last request: 342135.793957 seconds.
  path: Assets/Imports/BlueWizard Animations/BlueWizard/2BlueWizardJump/Dash2/DashBlue_00003.png
  artifactKey: Guid(9186b13a4b64a1e4a82fbeddc12f824d) Importer(815301076,1909f56bfc062723c751e8b465ee728b)
Start importing Assets/Imports/BlueWizard Animations/BlueWizard/2BlueWizardJump/Dash2/DashBlue_00003.png using Guid(9186b13a4b64a1e4a82fbeddc12f824d) Importer(815301076,1909f56bfc062723c751e8b465ee728b)  -> (artifact id: '8c03d95540f3b1ffa315a9b0694f8b08') in 0.103213 seconds 
========================================================================
Received Import Request.
  Time since last request: 0.000026 seconds.
  path: Assets/Imports/BlueWizard Animations/BlueWizard/2BlueWizardJump/Dash2/DashBlue_00009.png
  artifactKey: Guid(91e40e4816aa6cf45a4422d29ea56a4d) Importer(815301076,1909f56bfc062723c751e8b465ee728b)
Start importing Assets/Imports/BlueWizard Animations/BlueWizard/2BlueWizardJump/Dash2/DashBlue_00009.png using Guid(91e40e4816aa6cf45a4422d29ea56a4d) Importer(815301076,1909f56bfc062723c751e8b465ee728b)  -> (artifact id: 'cc781b6362ef61eef401bc2519ebee8f') in 0.017937 seconds 
========================================================================
Received Import Request.
  Time since last request: 4.704288 seconds.
  path: Assets/Imports/BlueWizard Animations/BlueWizard/2BlueWizardJump/DashEffect/BlueWizardDash_00004.png
  artifactKey: Guid(48dac5fa0b2a9434ca340c8750576483) Importer(815301076,1909f56bfc062723c751e8b465ee728b)
Start importing Assets/Imports/BlueWizard Animations/BlueWizard/2BlueWizardJump/DashEffect/BlueWizardDash_00004.png using Guid(48dac5fa0b2a9434ca340c8750576483) Importer(815301076,1909f56bfc062723c751e8b465ee728b)  -> (artifact id: 'daa94c15f7524cbfa49abc13d7198f51') in 0.018195 seconds 
========================================================================
Received Import Request.
  Time since last request: 0.000044 seconds.
  path: Assets/Imports/BlueWizard Animations/BlueWizard/2BlueWizardJump/DashEffect/BlueWizardDash_00012.png
  artifactKey: Guid(5329547ffce825c439f0f06bec53ad24) Importer(815301076,1909f56bfc062723c751e8b465ee728b)
Start importing Assets/Imports/BlueWizard Animations/BlueWizard/2BlueWizardJump/DashEffect/BlueWizardDash_00012.png using Guid(5329547ffce825c439f0f06bec53ad24) Importer(815301076,1909f56bfc062723c751e8b465ee728b)  -> (artifact id: 'e1a9deeb990dc8aa27300832fbc1b2a0') in 0.017389 seconds 
========================================================================
Received Import Request.
  Time since last request: 0.000024 seconds.
  path: Assets/Imports/BlueWizard Animations/BlueWizard/2BlueWizardJump/DashEffect/BlueWizardDash_00006.png
  artifactKey: Guid(3fa8f615c21ae1044b1f81fd0f422316) Importer(815301076,1909f56bfc062723c751e8b465ee728b)
Start importing Assets/Imports/BlueWizard Animations/BlueWizard/2BlueWizardJump/DashEffect/BlueWizardDash_00006.png using Guid(3fa8f615c21ae1044b1f81fd0f422316) Importer(815301076,1909f56bfc062723c751e8b465ee728b)  -> (artifact id: 'a27fdcc3e1390cf0ce8072dfbf0e610a') in 0.017540 seconds 
========================================================================
Received Import Request.
  Time since last request: 0.000031 seconds.
  path: Assets/Imports/BlueWizard Animations/BlueWizard/2BlueWizardJump/DashEffect/BlueWizardDash_00005.png
  artifactKey: Guid(c1d95e0291064654c8cf2764e2feea87) Importer(815301076,1909f56bfc062723c751e8b465ee728b)
Start importing Assets/Imports/BlueWizard Animations/BlueWizard/2BlueWizardJump/DashEffect/BlueWizardDash_00005.png using Guid(c1d95e0291064654c8cf2764e2feea87) Importer(815301076,1909f56bfc062723c751e8b465ee728b)  -> (artifact id: '142a8f0c3d3b5f61a0e86f4d9823c173') in 0.018837 seconds 
========================================================================
Received Import Request.
  Time since last request: 6.236797 seconds.
  path: Assets/Imports/BlueWizard Animations/BlueWizard/2BlueWizardJump/Dash3/Dash3_00004.png
  artifactKey: Guid(756f9d5a23b7ac54a96801afa397659a) Importer(815301076,1909f56bfc062723c751e8b465ee728b)
Start importing Assets/Imports/BlueWizard Animations/BlueWizard/2BlueWizardJump/Dash3/Dash3_00004.png using Guid(756f9d5a23b7ac54a96801afa397659a) Importer(815301076,1909f56bfc062723c751e8b465ee728b)  -> (artifact id: '15ab688fead5bbb218607115c23a9976') in 0.016924 seconds 
========================================================================
Received Import Request.
  Time since last request: 0.000022 seconds.
  path: Assets/Imports/BlueWizard Animations/BlueWizard/2BlueWizardJump/Dash3/Dash3_00015.png
  artifactKey: Guid(c4d323301f8d3d241b0690f4161dae2d) Importer(815301076,1909f56bfc062723c751e8b465ee728b)
Start importing Assets/Imports/BlueWizard Animations/BlueWizard/2BlueWizardJump/Dash3/Dash3_00015.png using Guid(c4d323301f8d3d241b0690f4161dae2d) Importer(815301076,1909f56bfc062723c751e8b465ee728b)  -> (artifact id: '98eb5d823cf69dcf2d349cc9a9453478') in 0.018716 seconds 
========================================================================
Received Import Request.
  Time since last request: 0.000032 seconds.
  path: Assets/Imports/BlueWizard Animations/BlueWizard/2BlueWizardJump/Dash3/Dash3_00008.png
  artifactKey: Guid(e92737835df419f40afc9c569ff5c2ea) Importer(815301076,1909f56bfc062723c751e8b465ee728b)
Start importing Assets/Imports/BlueWizard Animations/BlueWizard/2BlueWizardJump/Dash3/Dash3_00008.png using Guid(e92737835df419f40afc9c569ff5c2ea) Importer(815301076,1909f56bfc062723c751e8b465ee728b)  -> (artifact id: '33ebdda339841e67828a4fb554b01093') in 0.024761 seconds 
========================================================================
Received Import Request.
  Time since last request: 3.696738 seconds.
  path: Assets/Imports/BlueWizard Animations/BlueWizard/2BlueWizardWalk/Chara_BlueWalk00004.png
  artifactKey: Guid(3e19664ca00f97a469e3e90a71574a08) Importer(815301076,1909f56bfc062723c751e8b465ee728b)
Start importing Assets/Imports/BlueWizard Animations/BlueWizard/2BlueWizardWalk/Chara_BlueWalk00004.png using Guid(3e19664ca00f97a469e3e90a71574a08) Importer(815301076,1909f56bfc062723c751e8b465ee728b)  -> (artifact id: '2311517681b3370309e83edd4a5b03b6') in 0.017135 seconds 
========================================================================
Received Import Request.
  Time since last request: 0.000025 seconds.
  path: Assets/Imports/BlueWizard Animations/BlueWizard/2BlueWizardWalk/Chara_BlueWalk00010.png
  artifactKey: Guid(3480d1ca6a049b144ad66e1fea55b175) Importer(815301076,1909f56bfc062723c751e8b465ee728b)
Start importing Assets/Imports/BlueWizard Animations/BlueWizard/2BlueWizardWalk/Chara_BlueWalk00010.png using Guid(3480d1ca6a049b144ad66e1fea55b175) Importer(815301076,1909f56bfc062723c751e8b465ee728b)  -> (artifact id: '702015dc43fc0d1410588649aab4328e') in 0.018528 seconds 
========================================================================
Received Import Request.
  Time since last request: 0.000049 seconds.
  path: Assets/Imports/BlueWizard Animations/BlueWizard/2BlueWizardWalk/Chara_BlueWalk00006.png
  artifactKey: Guid(19968261709465c4b86a4ee01a7bc3a7) Importer(815301076,1909f56bfc062723c751e8b465ee728b)
Start importing Assets/Imports/BlueWizard Animations/BlueWizard/2BlueWizardWalk/Chara_BlueWalk00006.png using Guid(19968261709465c4b86a4ee01a7bc3a7) Importer(815301076,1909f56bfc062723c751e8b465ee728b)  -> (artifact id: '9f93c5c8bc91ab15c28da9e45b4fb63f') in 0.018536 seconds 
========================================================================
Received Import Request.
  Time since last request: 0.000037 seconds.
  path: Assets/Imports/BlueWizard Animations/BlueWizard/2BlueWizardWalk/Chara_BlueWalk00016.png
  artifactKey: Guid(1e3a93e6506ece94ab575da02a6cc7e5) Importer(815301076,1909f56bfc062723c751e8b465ee728b)
Start importing Assets/Imports/BlueWizard Animations/BlueWizard/2BlueWizardWalk/Chara_BlueWalk00016.png using Guid(1e3a93e6506ece94ab575da02a6cc7e5) Importer(815301076,1909f56bfc062723c751e8b465ee728b)  -> (artifact id: '7f8b13d62f9ce349a5ef2963ad93fa4d') in 0.017722 seconds 
========================================================================
Received Import Request.
  Time since last request: 2.245549 seconds.
  path: Assets/Imports/BlueWizard Animations/BlueWizard/2BlueWizardIdle/Chara - BlueIdle00004.png
  artifactKey: Guid(d800d75b3271cd14e8385dad41dbb1b2) Importer(815301076,1909f56bfc062723c751e8b465ee728b)
Start importing Assets/Imports/BlueWizard Animations/BlueWizard/2BlueWizardIdle/Chara - BlueIdle00004.png using Guid(d800d75b3271cd14e8385dad41dbb1b2) Importer(815301076,1909f56bfc062723c751e8b465ee728b)  -> (artifact id: '6e240d554b83eb760d8a04fd28a81045') in 0.015827 seconds 
========================================================================
Received Import Request.
  Time since last request: 0.000027 seconds.
  path: Assets/Imports/BlueWizard Animations/BlueWizard/2BlueWizardIdle/Chara - BlueIdle00007.png
  artifactKey: Guid(6be711a06aad4af40be2378580c7c8ef) Importer(815301076,1909f56bfc062723c751e8b465ee728b)
Start importing Assets/Imports/BlueWizard Animations/BlueWizard/2BlueWizardIdle/Chara - BlueIdle00007.png using Guid(6be711a06aad4af40be2378580c7c8ef) Importer(815301076,1909f56bfc062723c751e8b465ee728b)  -> (artifact id: '595b1912b5af7d94aa11143a5224dae5') in 0.019565 seconds 
========================================================================
Received Import Request.
  Time since last request: 0.000017 seconds.
  path: Assets/Imports/BlueWizard Animations/BlueWizard/2BlueWizardIdle/Chara - BlueIdle00013.png
  artifactKey: Guid(a7d5bcda7348726459ad968c9323bfe8) Importer(815301076,1909f56bfc062723c751e8b465ee728b)
Start importing Assets/Imports/BlueWizard Animations/BlueWizard/2BlueWizardIdle/Chara - BlueIdle00013.png using Guid(a7d5bcda7348726459ad968c9323bfe8) Importer(815301076,1909f56bfc062723c751e8b465ee728b)  -> (artifact id: 'cf4bcf4931d13a93ade260fc8e0f933b') in 0.025248 seconds 
========================================================================
Received Import Request.
  Time since last request: 0.000029 seconds.
  path: Assets/Imports/BlueWizard Animations/BlueWizard/2BlueWizardIdle/Chara - BlueIdle00010.png
  artifactKey: Guid(948b4011901c7364f8c9aeacfc12a3bf) Importer(815301076,1909f56bfc062723c751e8b465ee728b)
Start importing Assets/Imports/BlueWizard Animations/BlueWizard/2BlueWizardIdle/Chara - BlueIdle00010.png using Guid(948b4011901c7364f8c9aeacfc12a3bf) Importer(815301076,1909f56bfc062723c751e8b465ee728b)  -> (artifact id: '9c9a0bbf9497154080e9dbd68fdbe3f0') in 0.017706 seconds 
Editor requested this worker to shutdown with reason: Scaling down because of idle timeout
AssetImportWorker is now disconnected from the server
Process exiting
Exiting without the bug reporter. Application will terminate with return code 0