Using pre-set license
Built from '2021.3/staging' branch; Version is '2021.3.16f1 (4016570cf34f) revision 4200023'; Using compiler version '192829333'; Build Type 'Release'
OS: 'Windows 11  (10.0.22000) 64bit Professional' Language: 'fr' Physical Memory: 32627 MB
BatchMode: 1, IsHumanControllingUs: 0, StartBugReporterOnCrash: 0, Is64bit: 1, IsPro: 1

COMMAND LINE ARGUMENTS:
C:\Program Files\Unity\Hub\Editor\2021.3.16f1\Editor\Unity.exe
-adb2
-batchMode
-noUpm
-name
AssetImportWorker4
-projectPath
C:/Users/Brice/Desktop/S2 Project/Deeps/Deeps
-logFile
Logs/AssetImportWorker4.log
-srvPort
57566
Successfully changed project path to: C:/Users/Brice/Desktop/S2 Project/Deeps/Deeps
C:/Users/Brice/Desktop/S2 Project/Deeps/Deeps
[UnityMemory] Configuration Parameters - Can be set up in boot.config
    "memorysetup-bucket-allocator-granularity=16"
    "memorysetup-bucket-allocator-bucket-count=8"
    "memorysetup-bucket-allocator-block-size=33554432"
    "memorysetup-bucket-allocator-block-count=8"
    "memorysetup-main-allocator-block-size=16777216"
    "memorysetup-thread-allocator-block-size=16777216"
    "memorysetup-gfx-main-allocator-block-size=16777216"
    "memorysetup-gfx-thread-allocator-block-size=16777216"
    "memorysetup-cache-allocator-block-size=4194304"
    "memorysetup-typetree-allocator-block-size=2097152"
    "memorysetup-profiler-bucket-allocator-granularity=16"
    "memorysetup-profiler-bucket-allocator-bucket-count=8"
    "memorysetup-profiler-bucket-allocator-block-size=33554432"
    "memorysetup-profiler-bucket-allocator-block-count=8"
    "memorysetup-profiler-allocator-block-size=16777216"
    "memorysetup-profiler-editor-allocator-block-size=1048576"
    "memorysetup-temp-allocator-size-main=16777216"
    "memorysetup-job-temp-allocator-block-size=2097152"
    "memorysetup-job-temp-allocator-block-size-background=1048576"
    "memorysetup-job-temp-allocator-reduction-small-platforms=262144"
    "memorysetup-temp-allocator-size-background-worker=32768"
    "memorysetup-temp-allocator-size-job-worker=262144"
    "memorysetup-temp-allocator-size-preload-manager=33554432"
    "memorysetup-temp-allocator-size-nav-mesh-worker=65536"
    "memorysetup-temp-allocator-size-audio-worker=65536"
    "memorysetup-temp-allocator-size-cloud-worker=32768"
    "memorysetup-temp-allocator-size-gi-baking-worker=262144"
    "memorysetup-temp-allocator-size-gfx=262144"
Player connection [21436] Host "[IP] 192.168.0.13 [Port] 0 [Flags] 2 [Guid] 1817659829 [EditorId] 1817659829 [Version] 1048832 [Id] WindowsEditor(7,DESKTOP-RKU278G) [Debug] 1 [PackageName] WindowsEditor [ProjectName] Editor" joined multi-casting on [225.0.0.222:54997]...

Player connection [21436] Host "[IP] 192.168.0.13 [Port] 0 [Flags] 2 [Guid] 1817659829 [EditorId] 1817659829 [Version] 1048832 [Id] WindowsEditor(7,DESKTOP-RKU278G) [Debug] 1 [PackageName] WindowsEditor [ProjectName] Editor" joined alternative multi-casting on [225.0.0.222:34997]...

Refreshing native plugins compatible for Editor in 72.46 ms, found 4 plugins.
Preloading 0 native plugins for Editor in 0.00 ms.
Initialize engine version: 2021.3.16f1 (4016570cf34f)
[Subsystems] Discovering subsystems at path C:/Program Files/Unity/Hub/Editor/2021.3.16f1/Editor/Data/Resources/UnitySubsystems
[Subsystems] Discovering subsystems at path C:/Users/Brice/Desktop/S2 Project/Deeps/Deeps/Assets
GfxDevice: creating device client; threaded=0; jobified=0
Direct3D:
    Version:  Direct3D 11.0 [level 11.1]
    Renderer: NVIDIA GeForce RTX 3080 (ID=0x2216)
    Vendor:   NVIDIA
    VRAM:     10067 MB
    Driver:   31.0.15.2824
Initialize mono
Mono path[0] = 'C:/Program Files/Unity/Hub/Editor/2021.3.16f1/Editor/Data/Managed'
Mono path[1] = 'C:/Program Files/Unity/Hub/Editor/2021.3.16f1/Editor/Data/MonoBleedingEdge/lib/mono/unityjit-win32'
Mono config path = 'C:/Program Files/Unity/Hub/Editor/2021.3.16f1/Editor/Data/MonoBleedingEdge/etc'
Using monoOptions --debugger-agent=transport=dt_socket,embedding=1,server=y,suspend=n,address=127.0.0.1:56096
Begin MonoManager ReloadAssembly
Registering precompiled unity dll's ...
Register platform support module: C:/Program Files/Unity/Hub/Editor/2021.3.16f1/Editor/Data/PlaybackEngines/WebGLSupport/UnityEditor.WebGL.Extensions.dll
Register platform support module: C:/Program Files/Unity/Hub/Editor/2021.3.16f1/Editor/Data/PlaybackEngines/WindowsStandaloneSupport/UnityEditor.WindowsStandalone.Extensions.dll
Registered in 0.002649 seconds.
Native extension for WindowsStandalone target not found
Native extension for WebGL target not found
Refreshing native plugins compatible for Editor in 111.56 ms, found 4 plugins.
Preloading 0 native plugins for Editor in 0.00 ms.
Mono: successfully reloaded assembly
- Completed reload, in  0.443 seconds
Domain Reload Profiling:
	ReloadAssembly (443ms)
		BeginReloadAssembly (43ms)
			ExecutionOrderSort (0ms)
			DisableScriptedObjects (0ms)
			BackupInstance (0ms)
			ReleaseScriptingObjects (0ms)
			CreateAndSetChildDomain (0ms)
		EndReloadAssembly (338ms)
			LoadAssemblies (42ms)
			RebuildTransferFunctionScriptingTraits (0ms)
			SetupTypeCache (59ms)
			ReleaseScriptCaches (0ms)
			RebuildScriptCaches (17ms)
			SetupLoadedEditorAssemblies (230ms)
				LogAssemblyErrors (0ms)
				InitializePlatformSupportModulesInManaged (5ms)
				SetLoadedEditorAssemblies (0ms)
				RefreshPlugins (112ms)
				BeforeProcessingInitializeOnLoad (1ms)
				ProcessInitializeOnLoadAttributes (85ms)
				ProcessInitializeOnLoadMethodAttributes (27ms)
				AfterProcessingInitializeOnLoad (0ms)
				EditorAssembliesLoaded (0ms)
			ExecutionOrderSort2 (0ms)
			AwakeInstancesAfterBackupRestoration (0ms)
Platform modules already initialized, skipping
Registering precompiled user dll's ...
Registered in 0.003915 seconds.
Begin MonoManager ReloadAssembly
Symbol file LoadedFromMemory doesn't match image C:\Users\Brice\Desktop\S2 Project\Deeps\Deeps\Library\PackageCache\com.unity.visualscripting@1.7.8\Editor\VisualScripting.Core\Dependencies\YamlDotNet\Unity.VisualScripting.YamlDotNet.dll
Symbol file LoadedFromMemory doesn't match image C:\Users\Brice\Desktop\S2 Project\Deeps\Deeps\Library\PackageCache\com.unity.visualscripting@1.7.8\Editor\VisualScripting.Core\Dependencies\DotNetZip\Unity.VisualScripting.IonicZip.dll
Native extension for WindowsStandalone target not found
Native extension for WebGL target not found
Refreshing native plugins compatible for Editor in 72.38 ms, found 4 plugins.
Preloading 0 native plugins for Editor in 0.00 ms.
Mono: successfully reloaded assembly
- Completed reload, in  0.711 seconds
Domain Reload Profiling:
	ReloadAssembly (711ms)
		BeginReloadAssembly (68ms)
			ExecutionOrderSort (0ms)
			DisableScriptedObjects (3ms)
			BackupInstance (0ms)
			ReleaseScriptingObjects (0ms)
			CreateAndSetChildDomain (13ms)
		EndReloadAssembly (575ms)
			LoadAssemblies (50ms)
			RebuildTransferFunctionScriptingTraits (0ms)
			SetupTypeCache (140ms)
			ReleaseScriptCaches (0ms)
			RebuildScriptCaches (33ms)
			SetupLoadedEditorAssemblies (321ms)
				LogAssemblyErrors (0ms)
				InitializePlatformSupportModulesInManaged (3ms)
				SetLoadedEditorAssemblies (0ms)
				RefreshPlugins (72ms)
				BeforeProcessingInitializeOnLoad (70ms)
				ProcessInitializeOnLoadAttributes (147ms)
				ProcessInitializeOnLoadMethodAttributes (25ms)
				AfterProcessingInitializeOnLoad (3ms)
				EditorAssembliesLoaded (0ms)
			ExecutionOrderSort2 (0ms)
			AwakeInstancesAfterBackupRestoration (4ms)
Platform modules already initialized, skipping
========================================================================
Worker process is ready to serve import requests
Launched and connected shader compiler UnityShaderCompiler.exe after 0.04 seconds
Refreshing native plugins compatible for Editor in 0.90 ms, found 4 plugins.
Preloading 0 native plugins for Editor in 0.00 ms.
Unloading 4104 Unused Serialized files (Serialized files now loaded: 0)
Unloading 43 unused Assets / (185.9 KB). Loaded Objects now: 4561.
Memory consumption went from 155.7 MB to 155.6 MB.
Total: 2.237700 ms (FindLiveObjects: 0.185100 ms CreateObjectMapping: 0.098600 ms MarkObjects: 1.842200 ms  DeleteObjects: 0.111300 ms)

AssetImportParameters requested are different than current active one (requested -> active):
  custom:video-decoder-ogg-theora: a1e56fd34408186e4bbccfd4996cb3dc -> 
  custom:container-muxer-webm: aa71ff27fc2769a1b78a27578f13a17b -> 
  custom:container-demuxer-webm: 4f35f7cbe854078d1ac9338744f61a02 -> 
  custom:video-encoder-webm-vp8: eb34c28f22e8b96e1ab97ce403110664 -> 
  custom:video-codec-MediaFoundation-h265: e54d7ab0439102e2317fc1e4b246158d -> 
  custom:audio-encoder-webm-vorbis: bf7c407c2cedff20999df2af8eb42d56 -> 
  custom:framework-win-MediaFoundation: 216162199b28c13a410421893ffa2e32 -> 
  custom:container-demuxer-ogg: 62fdf1f143b41e24485cea50d1cbac27 -> 
  custom:video-decoder-webm-vp8: 9c59270c3fd7afecdb556c50c9e8de78 -> 
  custom:audio-decoder-ogg-vorbis: bf7c407c2cedff20999df2af8eb42d56 -> 
========================================================================
Received Import Request.
  Time since last request: 522989.631873 seconds.
  path: Assets/Imports/BlueWizard Animations/BlueWizard/2BlueWizardIdle/attack/Sans titre.png
  artifactKey: Guid(020dd75fe94e8ba4e8deb0067be1ee6f) Importer(815301076,1909f56bfc062723c751e8b465ee728b)
Start importing Assets/Imports/BlueWizard Animations/BlueWizard/2BlueWizardIdle/attack/Sans titre.png using Guid(020dd75fe94e8ba4e8deb0067be1ee6f) Importer(815301076,1909f56bfc062723c751e8b465ee728b)  -> (artifact id: '0335402ce01cc3bcadf6700145aa9ddb') in 0.095820 seconds 
========================================================================
Received Import Request.
  Time since last request: 16.797223 seconds.
  path: Assets/Imports/BlueWizard Animations/BlueWizard/2BlueWizardIdle/Chara - BlueIdle00000.png
  artifactKey: Guid(ee4191e2552cafc49bcbb883bf23bad8) Importer(815301076,1909f56bfc062723c751e8b465ee728b)
Start importing Assets/Imports/BlueWizard Animations/BlueWizard/2BlueWizardIdle/Chara - BlueIdle00000.png using Guid(ee4191e2552cafc49bcbb883bf23bad8) Importer(815301076,1909f56bfc062723c751e8b465ee728b)  -> (artifact id: '672c898af92dd68e72b1572f32442aed') in 0.017215 seconds 
========================================================================
Received Import Request.
  Time since last request: 10.600186 seconds.
  path: Assets/Imports/BlueWizard Animations/BlueWizard/2BlueWizardIdle/Chara - BlueIdle00001.png
  artifactKey: Guid(08e10a06917406b4793207563eef1dc4) Importer(815301076,1909f56bfc062723c751e8b465ee728b)
Start importing Assets/Imports/BlueWizard Animations/BlueWizard/2BlueWizardIdle/Chara - BlueIdle00001.png using Guid(08e10a06917406b4793207563eef1dc4) Importer(815301076,1909f56bfc062723c751e8b465ee728b)  -> (artifact id: '25580aff8577683e4a632ff921152c64') in 0.019051 seconds 
========================================================================
Received Import Request.
  Time since last request: 0.000020 seconds.
  path: Assets/Imports/BlueWizard Animations/BlueWizard/2BlueWizardIdle/Chara - BlueIdle00007.png
  artifactKey: Guid(6be711a06aad4af40be2378580c7c8ef) Importer(815301076,1909f56bfc062723c751e8b465ee728b)
Start importing Assets/Imports/BlueWizard Animations/BlueWizard/2BlueWizardIdle/Chara - BlueIdle00007.png using Guid(6be711a06aad4af40be2378580c7c8ef) Importer(815301076,1909f56bfc062723c751e8b465ee728b)  -> (artifact id: '6b03b590c8512191408f3a5f737021d3') in 0.018589 seconds 
========================================================================
Received Import Request.
  Time since last request: 0.000022 seconds.
  path: Assets/Imports/BlueWizard Animations/BlueWizard/2BlueWizardIdle/Chara - BlueIdle00013.png
  artifactKey: Guid(a7d5bcda7348726459ad968c9323bfe8) Importer(815301076,1909f56bfc062723c751e8b465ee728b)
Start importing Assets/Imports/BlueWizard Animations/BlueWizard/2BlueWizardIdle/Chara - BlueIdle00013.png using Guid(a7d5bcda7348726459ad968c9323bfe8) Importer(815301076,1909f56bfc062723c751e8b465ee728b)  -> (artifact id: 'b6871efb769c5a6ec406b2d5a325eff3') in 0.018903 seconds 
========================================================================
Received Import Request.
  Time since last request: 0.000021 seconds.
  path: Assets/Imports/BlueWizard Animations/BlueWizard/2BlueWizardIdle/Chara - BlueIdle00010.png
  artifactKey: Guid(948b4011901c7364f8c9aeacfc12a3bf) Importer(815301076,1909f56bfc062723c751e8b465ee728b)
Start importing Assets/Imports/BlueWizard Animations/BlueWizard/2BlueWizardIdle/Chara - BlueIdle00010.png using Guid(948b4011901c7364f8c9aeacfc12a3bf) Importer(815301076,1909f56bfc062723c751e8b465ee728b)  -> (artifact id: 'afcdec6e1422be70cecfd264212e691e') in 0.018424 seconds 
========================================================================
Received Import Request.
  Time since last request: 2.604946 seconds.
  path: Assets/Imports/BlueWizard Animations/BlueWizard/2BlueWizardIdle/Materials/Chara - BlueIdle00000.mat
  artifactKey: Guid(6e932f15e0417384d863ca827e158b6f) Importer(815301076,1909f56bfc062723c751e8b465ee728b)
Start importing Assets/Imports/BlueWizard Animations/BlueWizard/2BlueWizardIdle/Materials/Chara - BlueIdle00000.mat using Guid(6e932f15e0417384d863ca827e158b6f) Importer(815301076,1909f56bfc062723c751e8b465ee728b)  -> (artifact id: 'f7eea2c8c7b28c49e1bdda6859546c03') in 0.022540 seconds 
========================================================================
Received Prepare
Registering precompiled user dll's ...
Registered in 0.006233 seconds.
Begin MonoManager ReloadAssembly
Symbol file LoadedFromMemory doesn't match image C:\Users\Brice\Desktop\S2 Project\Deeps\Deeps\Library\PackageCache\com.unity.visualscripting@1.7.8\Editor\VisualScripting.Core\Dependencies\YamlDotNet\Unity.VisualScripting.YamlDotNet.dll
Symbol file LoadedFromMemory doesn't match image C:\Users\Brice\Desktop\S2 Project\Deeps\Deeps\Library\PackageCache\com.unity.visualscripting@1.7.8\Editor\VisualScripting.Core\Dependencies\DotNetZip\Unity.VisualScripting.IonicZip.dll
Native extension for WindowsStandalone target not found
Native extension for WebGL target not found
Refreshing native plugins compatible for Editor in 1.01 ms, found 4 plugins.
Preloading 0 native plugins for Editor in 0.00 ms.
Mono: successfully reloaded assembly
- Completed reload, in  0.703 seconds
Domain Reload Profiling:
	ReloadAssembly (704ms)
		BeginReloadAssembly (103ms)
			ExecutionOrderSort (0ms)
			DisableScriptedObjects (4ms)
			BackupInstance (0ms)
			ReleaseScriptingObjects (0ms)
			CreateAndSetChildDomain (33ms)
		EndReloadAssembly (533ms)
			LoadAssemblies (59ms)
			RebuildTransferFunctionScriptingTraits (0ms)
			SetupTypeCache (156ms)
			ReleaseScriptCaches (1ms)
			RebuildScriptCaches (28ms)
			SetupLoadedEditorAssemblies (249ms)
				LogAssemblyErrors (0ms)
				InitializePlatformSupportModulesInManaged (11ms)
				SetLoadedEditorAssemblies (1ms)
				RefreshPlugins (1ms)
				BeforeProcessingInitializeOnLoad (52ms)
				ProcessInitializeOnLoadAttributes (155ms)
				ProcessInitializeOnLoadMethodAttributes (26ms)
				AfterProcessingInitializeOnLoad (3ms)
				EditorAssembliesLoaded (0ms)
			ExecutionOrderSort2 (0ms)
			AwakeInstancesAfterBackupRestoration (8ms)
Platform modules already initialized, skipping
Refreshing native plugins compatible for Editor in 3.12 ms, found 4 plugins.
Preloading 0 native plugins for Editor in 0.00 ms.
Unloading 4084 Unused Serialized files (Serialized files now loaded: 0)
Unloading 30 unused Assets / (152.4 KB). Loaded Objects now: 4611.
Memory consumption went from 158.8 MB to 158.6 MB.
Total: 2.890500 ms (FindLiveObjects: 0.212100 ms CreateObjectMapping: 0.102900 ms MarkObjects: 2.467400 ms  DeleteObjects: 0.107200 ms)

AssetImportParameters requested are different than current active one (requested -> active):
  custom:video-decoder-ogg-theora: a1e56fd34408186e4bbccfd4996cb3dc -> 
  custom:container-muxer-webm: aa71ff27fc2769a1b78a27578f13a17b -> 
  custom:container-demuxer-webm: 4f35f7cbe854078d1ac9338744f61a02 -> 
  custom:video-encoder-webm-vp8: eb34c28f22e8b96e1ab97ce403110664 -> 
  custom:video-codec-MediaFoundation-h265: e54d7ab0439102e2317fc1e4b246158d -> 
  custom:audio-encoder-webm-vorbis: bf7c407c2cedff20999df2af8eb42d56 -> 
  custom:framework-win-MediaFoundation: 216162199b28c13a410421893ffa2e32 -> 
  custom:container-demuxer-ogg: 62fdf1f143b41e24485cea50d1cbac27 -> 
  custom:video-decoder-webm-vp8: 9c59270c3fd7afecdb556c50c9e8de78 -> 
  custom:audio-decoder-ogg-vorbis: bf7c407c2cedff20999df2af8eb42d56 -> 
========================================================================
Received Import Request.
  Time since last request: 104.289065 seconds.
  path: Assets/Imports/BlueWizard Animations/BlueWizard/2BlueWizardJump/DashEffect/BlueWizardDash_00001.png
  artifactKey: Guid(0014df1d2ded83d4b98f63a51dcd4f49) Importer(815301076,1909f56bfc062723c751e8b465ee728b)
Start importing Assets/Imports/BlueWizard Animations/BlueWizard/2BlueWizardJump/DashEffect/BlueWizardDash_00001.png using Guid(0014df1d2ded83d4b98f63a51dcd4f49) Importer(815301076,1909f56bfc062723c751e8b465ee728b)  -> (artifact id: '2c8a969b72c9f65222a33573ff008118') in 0.056922 seconds 
========================================================================
Received Import Request.
  Time since last request: 0.000023 seconds.
  path: Assets/Imports/BlueWizard Animations/BlueWizard/2BlueWizardJump/DashEffect/BlueWizardDash_00008.png
  artifactKey: Guid(314b6948ef66ec94591019b8e93af670) Importer(815301076,1909f56bfc062723c751e8b465ee728b)
Start importing Assets/Imports/BlueWizard Animations/BlueWizard/2BlueWizardJump/DashEffect/BlueWizardDash_00008.png using Guid(314b6948ef66ec94591019b8e93af670) Importer(815301076,1909f56bfc062723c751e8b465ee728b)  -> (artifact id: '69cbdd7dc2f13ee68420b73fc517f97a') in 0.019646 seconds 
========================================================================
Received Import Request.
  Time since last request: 0.000040 seconds.
  path: Assets/Imports/BlueWizard Animations/BlueWizard/2BlueWizardJump/DashEffect/BlueWizardDash_00010.png
  artifactKey: Guid(913d00296d624fa4295237a26649294a) Importer(815301076,1909f56bfc062723c751e8b465ee728b)
Start importing Assets/Imports/BlueWizard Animations/BlueWizard/2BlueWizardJump/DashEffect/BlueWizardDash_00010.png using Guid(913d00296d624fa4295237a26649294a) Importer(815301076,1909f56bfc062723c751e8b465ee728b)  -> (artifact id: 'de725998c927874ead7059481da1f187') in 0.016649 seconds 
========================================================================
Received Import Request.
  Time since last request: 0.000027 seconds.
  path: Assets/Imports/BlueWizard Animations/BlueWizard/2BlueWizardJump/DashEffect/BlueWizardDash_00012.png
  artifactKey: Guid(5329547ffce825c439f0f06bec53ad24) Importer(815301076,1909f56bfc062723c751e8b465ee728b)
Start importing Assets/Imports/BlueWizard Animations/BlueWizard/2BlueWizardJump/DashEffect/BlueWizardDash_00012.png using Guid(5329547ffce825c439f0f06bec53ad24) Importer(815301076,1909f56bfc062723c751e8b465ee728b)  -> (artifact id: '25766dd9ef84e5ecaa0d6aa6ec21d521') in 0.019824 seconds 
========================================================================
Received Import Request.
  Time since last request: 0.000026 seconds.
  path: Assets/Imports/BlueWizard Animations/BlueWizard/2BlueWizardJump/DashEffect/BlueWizardDash_00007.png
  artifactKey: Guid(d3814ead39a9d3d468515f7a876442f3) Importer(815301076,1909f56bfc062723c751e8b465ee728b)
Start importing Assets/Imports/BlueWizard Animations/BlueWizard/2BlueWizardJump/DashEffect/BlueWizardDash_00007.png using Guid(d3814ead39a9d3d468515f7a876442f3) Importer(815301076,1909f56bfc062723c751e8b465ee728b)  -> (artifact id: '539d26b016ed2e37fcda4aa574e85d38') in 0.019718 seconds 
========================================================================
Received Import Request.
  Time since last request: 0.000026 seconds.
  path: Assets/Imports/BlueWizard Animations/BlueWizard/2BlueWizardJump/DashEffect/BlueWizardDash_00006.png
  artifactKey: Guid(3fa8f615c21ae1044b1f81fd0f422316) Importer(815301076,1909f56bfc062723c751e8b465ee728b)
Start importing Assets/Imports/BlueWizard Animations/BlueWizard/2BlueWizardJump/DashEffect/BlueWizardDash_00006.png using Guid(3fa8f615c21ae1044b1f81fd0f422316) Importer(815301076,1909f56bfc062723c751e8b465ee728b)  -> (artifact id: 'b31c0f6667c78b14ddd758e900c1eb99') in 0.021709 seconds 
========================================================================
Received Import Request.
  Time since last request: 0.000041 seconds.
  path: Assets/Imports/BlueWizard Animations/BlueWizard/2BlueWizardJump/DashEffect/BlueWizardDash_00005.png
  artifactKey: Guid(c1d95e0291064654c8cf2764e2feea87) Importer(815301076,1909f56bfc062723c751e8b465ee728b)
Start importing Assets/Imports/BlueWizard Animations/BlueWizard/2BlueWizardJump/DashEffect/BlueWizardDash_00005.png using Guid(c1d95e0291064654c8cf2764e2feea87) Importer(815301076,1909f56bfc062723c751e8b465ee728b)  -> (artifact id: '8db4b0a78c70a4fd952ee256f5ba5f56') in 0.021103 seconds 
========================================================================
Received Import Request.
  Time since last request: 0.000025 seconds.
  path: Assets/Imports/BlueWizard Animations/BlueWizard/2BlueWizardJump/DashEffect/BlueWizardDash_00004.png
  artifactKey: Guid(48dac5fa0b2a9434ca340c8750576483) Importer(815301076,1909f56bfc062723c751e8b465ee728b)
Start importing Assets/Imports/BlueWizard Animations/BlueWizard/2BlueWizardJump/DashEffect/BlueWizardDash_00004.png using Guid(48dac5fa0b2a9434ca340c8750576483) Importer(815301076,1909f56bfc062723c751e8b465ee728b)  -> (artifact id: 'c2cf26cfeed346208931765f120f5f52') in 0.018520 seconds 
========================================================================
Received Import Request.
  Time since last request: 30.955895 seconds.
  path: Assets/Imports/BlueWizard Animations/BlueWizard/2BlueWizardJump/DashEffect/BlueWizardDash_00001.png
  artifactKey: Guid(0014df1d2ded83d4b98f63a51dcd4f49) Importer(815301076,1909f56bfc062723c751e8b465ee728b)
Start importing Assets/Imports/BlueWizard Animations/BlueWizard/2BlueWizardJump/DashEffect/BlueWizardDash_00001.png using Guid(0014df1d2ded83d4b98f63a51dcd4f49) Importer(815301076,1909f56bfc062723c751e8b465ee728b)  -> (artifact id: 'af2792fb84d457b57c91a681adaa7d26') in 0.014510 seconds 
========================================================================
Received Import Request.
  Time since last request: 0.014459 seconds.
  path: Assets/Imports/BlueWizard Animations/BlueWizard/2BlueWizardJump/DashEffect/BlueWizardDash_00000.png
  artifactKey: Guid(4129e204f784dee4bb01affaedfe3c51) Importer(815301076,1909f56bfc062723c751e8b465ee728b)
Start importing Assets/Imports/BlueWizard Animations/BlueWizard/2BlueWizardJump/DashEffect/BlueWizardDash_00000.png using Guid(4129e204f784dee4bb01affaedfe3c51) Importer(815301076,1909f56bfc062723c751e8b465ee728b)  -> (artifact id: '9bb9e60beff93183f59748561b78a8aa') in 0.019852 seconds 
========================================================================
Received Import Request.
  Time since last request: 0.000016 seconds.
  path: Assets/Imports/BlueWizard Animations/BlueWizard/2BlueWizardJump/DashEffect/BlueWizardDash_00015.png
  artifactKey: Guid(26e70a5e75a03dd48a672956882ed4a0) Importer(815301076,1909f56bfc062723c751e8b465ee728b)
Start importing Assets/Imports/BlueWizard Animations/BlueWizard/2BlueWizardJump/DashEffect/BlueWizardDash_00015.png using Guid(26e70a5e75a03dd48a672956882ed4a0) Importer(815301076,1909f56bfc062723c751e8b465ee728b)  -> (artifact id: '1d2329ec315ce7b14be9739e801fc768') in 0.017528 seconds 
========================================================================
Received Import Request.
  Time since last request: 0.000018 seconds.
  path: Assets/Imports/BlueWizard Animations/BlueWizard/2BlueWizardJump/DashEffect/BlueWizardDash_00012.png
  artifactKey: Guid(5329547ffce825c439f0f06bec53ad24) Importer(815301076,1909f56bfc062723c751e8b465ee728b)
Start importing Assets/Imports/BlueWizard Animations/BlueWizard/2BlueWizardJump/DashEffect/BlueWizardDash_00012.png using Guid(5329547ffce825c439f0f06bec53ad24) Importer(815301076,1909f56bfc062723c751e8b465ee728b)  -> (artifact id: '74c158da8429190bafb0573932d0e15d') in 0.017881 seconds 
========================================================================
Received Import Request.
  Time since last request: 0.000021 seconds.
  path: Assets/Imports/BlueWizard Animations/BlueWizard/2BlueWizardJump/DashEffect/BlueWizardDash_00007.png
  artifactKey: Guid(d3814ead39a9d3d468515f7a876442f3) Importer(815301076,1909f56bfc062723c751e8b465ee728b)
Start importing Assets/Imports/BlueWizard Animations/BlueWizard/2BlueWizardJump/DashEffect/BlueWizardDash_00007.png using Guid(d3814ead39a9d3d468515f7a876442f3) Importer(815301076,1909f56bfc062723c751e8b465ee728b)  -> (artifact id: 'bedae064b167de0a9c24a9f38abc9a4f') in 0.018243 seconds 
========================================================================
Received Import Request.
  Time since last request: 0.000028 seconds.
  path: Assets/Imports/BlueWizard Animations/BlueWizard/2BlueWizardJump/DashEffect/BlueWizardDash_00006.png
  artifactKey: Guid(3fa8f615c21ae1044b1f81fd0f422316) Importer(815301076,1909f56bfc062723c751e8b465ee728b)
Start importing Assets/Imports/BlueWizard Animations/BlueWizard/2BlueWizardJump/DashEffect/BlueWizardDash_00006.png using Guid(3fa8f615c21ae1044b1f81fd0f422316) Importer(815301076,1909f56bfc062723c751e8b465ee728b)  -> (artifact id: '6b107122e76418f11104d281bbc9f5b5') in 0.020703 seconds 
Editor requested this worker to shutdown with reason: Scaling down because of idle timeout
AssetImportWorker is now disconnected from the server
Process exiting
Exiting without the bug reporter. Application will terminate with return code 0